TN:
SF:./src/minErr.js
FN:33,minErr
FN:35,(anonymous_2)
FN:40,(anonymous_3)
FN:52,(anonymous_4)
FNF:4
FNH:4
FNDA:13928,minErr
FNDA:368,(anonymous_2)
FNDA:464,(anonymous_3)
FNDA:466,(anonymous_4)
DA:33,1
DA:34,13928
DA:35,13928
DA:36,368
DA:41,464
DA:42,8
DA:43,456
DA:44,2
DA:45,454
DA:46,23
DA:48,431
DA:52,368
DA:53,466
DA:55,466
DA:56,464
DA:57,464
DA:58,8
DA:59,456
DA:60,2
DA:61,454
DA:62,23
DA:64,431
DA:66,2
DA:69,368
DA:71,368
DA:72,464
DA:75,368
LF:27
LH:27
BRDA:34,1,0,13928
BRDA:34,1,1,10439
BRDA:37,2,0,367
BRDA:37,2,1,1
BRDA:41,3,0,8
BRDA:41,3,1,456
BRDA:43,4,0,2
BRDA:43,4,1,454
BRDA:45,5,0,23
BRDA:45,5,1,431
BRDA:55,6,0,464
BRDA:55,6,1,2
BRDA:57,7,0,8
BRDA:57,7,1,456
BRDA:59,8,0,2
BRDA:59,8,1,454
BRDA:61,9,0,23
BRDA:61,9,1,431
BRDA:70,10,0,367
BRDA:70,10,1,1
BRDA:72,11,0,328
BRDA:72,11,1,136
BRF:22
BRH:22
end_of_record
TN:
SF:./src/Angular.js
FN:126,(anonymous_1)
FN:139,(anonymous_2)
FN:142,(anonymous_3)
FN:145,(anonymous_4)
FN:148,(anonymous_5)
FN:151,(anonymous_6)
FN:193,isArrayLike
FN:243,forEach
FN:274,sortedKeys
FN:278,forEachSorted
FN:292,reverseParams
FN:293,(anonymous_12)
FN:306,nextUid
FN:316,setHashKey
FN:341,extend
FN:359,int
FN:364,inherit
FN:365,(anonymous_18)
FN:384,noop
FN:404,identity
FN:408,valueFn
FN:408,(anonymous_22)
FN:422,isUndefined
FN:437,isDefined
FN:453,isObject
FN:471,isString
FN:486,isNumber
FN:501,isDate
FN:532,isFunction
FN:542,isRegExp
FN:554,isWindow
FN:559,isScope
FN:564,isFile
FN:569,isBlob
FN:574,isBoolean
FN:579,isPromiseLike
FN:584,(anonymous_37)
FN:591,(anonymous_38)
FN:609,isElement
FN:619,makeMap
FN:627,nodeName_
FN:631,includes
FN:635,arrayRemove
FN:700,copy
FN:752,(anonymous_45)
FN:778,shallowCopy
FN:828,equals
FN:869,(anonymous_48)
FN:890,concat
FN:894,sliceArgs
FN:918,bind
FN:922,(anonymous_52)
FN:927,(anonymous_53)
FN:939,toJsonReplacer
FN:970,toJson
FN:988,fromJson
FN:998,startingTag
FN:1010,(anonymous_58)
FN:1028,tryDecodeURIComponent
FN:1041,parseKeyValue
FN:1043,(anonymous_61)
FN:1062,toKeyValue
FN:1064,(anonymous_63)
FN:1066,(anonymous_64)
FN:1090,encodeUriSegment
FN:1109,encodeUriQuery
FN:1121,getNgAttribute
FN:1260,angularInit
FN:1266,(anonymous_69)
FN:1274,(anonymous_70)
FN:1339,bootstrap
FN:1345,(anonymous_72)
FN:1358,(anonymous_73)
FN:1364,(anonymous_74)
FN:1372,bootstrapApply
FN:1373,(anonymous_76)
FN:1395,(anonymous_77)
FN:1396,(anonymous_78)
FN:1413,reloadWithDebugInfo
FN:1426,getTestability
FN:1431,snake_case
FN:1433,(anonymous_82)
FN:1440,bindJQuery
FN:1467,(anonymous_84)
FN:1494,assertArg
FN:1501,assertArgFn
FN:1516,assertNotHasOwnProperty
FN:1530,getter
FN:1554,getBlockNodes
FN:1582,createMap
FNF:90
FNH:83
FNDA:24748,(anonymous_1)
FNDA:1084,(anonymous_2)
FNDA:1,(anonymous_3)
FNDA:3,(anonymous_4)
FNDA:1,(anonymous_5)
FNDA:3,(anonymous_6)
FNDA:203993,isArrayLike
FNDA:297527,forEach
FNDA:96,sortedKeys
FNDA:29,forEachSorted
FNDA:21302,reverseParams
FNDA:340836,(anonymous_12)
FNDA:4590,nextUid
FNDA:16166,setHashKey
FNDA:15585,extend
FNDA:0,int
FNDA:35,inherit
FNDA:35,(anonymous_18)
FNDA:14377,noop
FNDA:988,identity
FNDA:7628,valueFn
FNDA:5311,(anonymous_22)
FNDA:70668,isUndefined
FNDA:169627,isDefined
FNDA:492778,isObject
FNDA:710267,isString
FNDA:1343,isNumber
FNDA:2914,isDate
FNDA:873903,isFunction
FNDA:2411,isRegExp
FNDA:208944,isWindow
FNDA:5695,isScope
FNDA:23,isFile
FNDA:23,isBlob
FNDA:3515,isBoolean
FNDA:217,isPromiseLike
FNDA:38279,(anonymous_37)
FNDA:29,(anonymous_38)
FNDA:8270,isElement
FNDA:0,makeMap
FNDA:5150,nodeName_
FNDA:1,includes
FNDA:1476,arrayRemove
FNDA:3199,copy
FNDA:71,(anonymous_45)
FNDA:11015,shallowCopy
FNDA:1656,equals
FNDA:2988,(anonymous_48)
FNDA:7167,concat
FNDA:684,sliceArgs
FNDA:1969,bind
FNDA:0,(anonymous_52)
FNDA:1023,(anonymous_53)
FNDA:542,toJsonReplacer
FNDA:316,toJson
FNDA:41,fromJson
FNDA:55,startingTag
FNDA:36,(anonymous_58)
FNDA:365,tryDecodeURIComponent
FNDA:443,parseKeyValue
FNDA:560,(anonymous_61)
FNDA:797,toKeyValue
FNDA:348,(anonymous_63)
FNDA:11,(anonymous_64)
FNDA:1881,encodeUriSegment
FNDA:2555,encodeUriQuery
FNDA:77,getNgAttribute
FNDA:78,angularInit
FNDA:312,(anonymous_69)
FNDA:312,(anonymous_70)
FNDA:15,bootstrap
FNDA:15,(anonymous_72)
FNDA:13,(anonymous_73)
FNDA:0,(anonymous_74)
FNDA:11,bootstrapApply
FNDA:11,(anonymous_76)
FNDA:3,(anonymous_77)
FNDA:1,(anonymous_78)
FNDA:0,reloadWithDebugInfo
FNDA:0,getTestability
FNDA:3409,snake_case
FNDA:148,(anonymous_82)
FNDA:3611,bindJQuery
FNDA:0,(anonymous_84)
FNDA:303032,assertArg
FNDA:59017,assertArgFn
FNDA:622894,assertNotHasOwnProperty
FNDA:9,getter
FNDA:179,getBlockNodes
FNDA:9275,createMap
DA:110,1
DA:114,1
DA:126,24748
DA:127,1
DA:139,1084
DA:142,1
DA:144,1
DA:145,3
DA:148,1
DA:150,1
DA:151,3
DA:159,1
DA:160,0
DA:161,0
DA:165,1
DA:184,1
DA:193,1
DA:194,203993
DA:195,12
DA:198,203981
DA:200,203981
DA:201,0
DA:204,203981
DA:243,1
DA:244,297527
DA:245,297527
DA:246,292337
DA:247,87
DA:250,956
DA:251,956
DA:254,292250
DA:255,99145
DA:256,99145
DA:257,149218
DA:258,149209
DA:261,193105
DA:262,0
DA:264,193105
DA:265,522008
DA:266,520304
DA:271,297493
DA:274,1
DA:275,96
DA:278,1
DA:279,29
DA:280,29
DA:281,34
DA:283,29
DA:292,1
DA:293,340836
DA:306,1
DA:307,4590
DA:316,1
DA:317,16166
DA:318,3
DA:321,16163
DA:341,1
DA:342,15585
DA:344,15585
DA:345,20246
DA:346,20246
DA:347,15587
DA:348,15587
DA:349,130015
DA:350,130015
DA:355,15585
DA:356,15585
DA:359,1
DA:360,0
DA:364,1
DA:365,35
DA:384,1
DA:385,1
DA:404,988
DA:405,1
DA:408,7628
DA:422,70668
DA:437,169627
DA:453,1
DA:455,492778
DA:471,710267
DA:486,1343
DA:501,1
DA:502,2914
DA:518,1
DA:532,873903
DA:542,1
DA:543,2411
DA:554,1
DA:555,208944
DA:559,1
DA:560,5695
DA:564,1
DA:565,23
DA:569,1
DA:570,23
DA:574,1
DA:575,3515
DA:579,1
DA:580,217
DA:584,1
DA:585,38279
DA:591,1
DA:592,29
DA:609,1
DA:610,8270
DA:619,1
DA:620,0
DA:621,0
DA:622,0
DA:623,0
DA:627,1
DA:628,5150
DA:631,1
DA:632,1
DA:635,1
DA:636,1476
DA:637,1476
DA:638,1225
DA:639,1476
DA:700,1
DA:701,3199
DA:702,2
DA:706,3197
DA:707,2560
DA:708,2560
DA:709,1795
DA:710,46
DA:711,1749
DA:712,3
DA:713,1746
DA:714,13
DA:715,13
DA:716,1733
DA:717,382
DA:718,382
DA:722,637
DA:725,635
DA:726,635
DA:728,635
DA:729,633
DA:730,633
DA:732,628
DA:733,628
DA:736,630
DA:737,630
DA:738,49
DA:739,49
DA:740,77
DA:741,77
DA:742,26
DA:743,26
DA:745,77
DA:748,581
DA:749,581
DA:750,3
DA:752,578
DA:753,71
DA:756,581
DA:757,666
DA:758,665
DA:759,665
DA:760,19
DA:761,19
DA:763,665
DA:766,581
DA:770,3190
DA:778,1
DA:779,11015
DA:780,166
DA:782,166
DA:783,293
DA:785,10849
DA:786,10772
DA:788,10772
DA:789,17016
DA:790,17014
DA:795,11015
DA:828,1
DA:829,1656
DA:830,1199
DA:831,1042
DA:832,1039
DA:833,1039
DA:834,863
DA:835,787
DA:836,137
DA:837,136
DA:838,131
DA:839,216
DA:841,121
DA:843,650
DA:844,14
DA:845,14
DA:846,636
DA:847,7
DA:849,629
DA:850,625
DA:851,625
DA:852,712
DA:853,346
DA:854,277
DA:856,556
DA:857,272
DA:860,9
DA:862,547
DA:866,257
DA:869,1
DA:870,2988
DA:872,5
DA:875,5
DA:876,3
DA:878,3
DA:881,1
DA:885,5
DA:890,1
DA:891,7167
DA:894,1
DA:895,684
DA:918,1
DA:919,1969
DA:920,1969
DA:921,1969
DA:923,0
DA:928,1023
DA:934,0
DA:939,1
DA:940,542
DA:942,542
DA:943,38
DA:944,504
DA:945,1
DA:946,503
DA:947,1
DA:948,502
DA:949,1
DA:952,542
DA:970,1
DA:971,316
DA:972,310
DA:988,1
DA:989,41
DA:998,1
DA:999,55
DA:1000,55
DA:1003,55
DA:1005,55
DA:1006,55
DA:1007,55
DA:1010,36
DA:1012,0
DA:1028,1
DA:1029,365
DA:1030,365
DA:1041,1
DA:1042,443
DA:1043,443
DA:1044,560
DA:1045,222
DA:1046,222
DA:1047,222
DA:1048,220
DA:1049,220
DA:1050,214
DA:1051,6
DA:1052,2
DA:1054,4
DA:1059,443
DA:1062,1
DA:1063,797
DA:1064,797
DA:1065,348
DA:1066,4
DA:1067,11
DA:1071,344
DA:1075,797
DA:1090,1
DA:1091,1881
DA:1109,1
DA:1110,2555
DA:1119,1
DA:1121,1
DA:1122,77
DA:1123,77
DA:1124,77
DA:1125,305
DA:1126,305
DA:1127,1
DA:1130,76
DA:1260,1
DA:1261,78
DA:1266,78
DA:1267,312
DA:1269,312
DA:1270,73
DA:1271,73
DA:1274,78
DA:1275,312
DA:1276,312
DA:1278,312
DA:1279,4
DA:1280,4
DA:1283,78
DA:1284,77
DA:1285,77
DA:1339,1
DA:1340,15
DA:1341,15
DA:1344,15
DA:1345,15
DA:1346,15
DA:1348,15
DA:1349,2
DA:1351,2
DA:1357,13
DA:1358,13
DA:1359,13
DA:1362,13
DA:1364,0
DA:1365,0
DA:1369,13
DA:1370,13
DA:1371,11
DA:1373,11
DA:1374,11
DA:1375,11
DA:1379,11
DA:1382,15
DA:1383,15
DA:1385,15
DA:1386,0
DA:1387,0
DA:1390,15
DA:1391,12
DA:1394,3
DA:1395,3
DA:1396,3
DA:1397,1
DA:1399,3
DA:1413,1
DA:1414,0
DA:1415,0
DA:1426,1
DA:1427,0
DA:1430,1
DA:1431,1
DA:1432,3409
DA:1433,3409
DA:1434,148
DA:1438,1
DA:1439,1
DA:1440,1
DA:1441,3611
DA:1443,3611
DA:1444,3610
DA:1448,1
DA:1453,1
DA:1454,0
DA:1455,0
DA:1466,0
DA:1467,0
DA:1468,0
DA:1469,0
DA:1470,0
DA:1471,0
DA:1472,0
DA:1473,0
DA:1477,0
DA:1479,0
DA:1482,1
DA:1485,1
DA:1488,1
DA:1494,1
DA:1495,303032
DA:1496,6
DA:1498,303026
DA:1501,1
DA:1502,59017
DA:1503,2
DA:1506,59017
DA:1508,59011
DA:1516,1
DA:1517,622894
DA:1518,6
DA:1530,1
DA:1531,9
DA:1532,9
DA:1533,9
DA:1534,9
DA:1535,9
DA:1537,9
DA:1538,12
DA:1539,12
DA:1540,10
DA:1543,9
DA:1544,0
DA:1546,9
DA:1554,1
DA:1557,179
DA:1558,179
DA:1559,179
DA:1561,179
DA:1562,228
DA:1563,228
DA:1564,228
DA:1567,179
DA:1582,1
DA:1583,9275
DA:1586,1
DA:1587,1
DA:1588,1
DA:1589,1
DA:1590,1
LF:413
LH:381
BRDA:126,1,0,24551
BRDA:126,1,1,197
BRDA:139,2,0,1083
BRDA:139,2,1,1
BRDA:144,3,0,1
BRDA:144,3,1,0
BRDA:150,4,0,1
BRDA:150,4,1,0
BRDA:159,5,0,0
BRDA:159,5,1,1
BRDA:176,6,0,1
BRDA:176,6,1,1
BRDA:194,7,0,12
BRDA:194,7,1,203981
BRDA:194,8,0,203993
BRDA:194,8,1,203981
BRDA:200,9,0,0
BRDA:200,9,1,203981
BRDA:200,10,0,203981
BRDA:200,10,1,0
BRDA:204,11,0,203981
BRDA:204,11,1,203979
BRDA:204,11,2,202746
BRDA:204,11,3,202577
BRDA:204,11,4,9159
BRDA:204,11,5,9159
BRDA:245,12,0,292337
BRDA:245,12,1,5190
BRDA:246,13,0,87
BRDA:246,13,1,292250
BRDA:250,14,0,956
BRDA:250,14,1,0
BRDA:250,15,0,956
BRDA:250,15,1,956
BRDA:250,15,2,956
BRDA:250,15,3,956
BRDA:250,15,4,956
BRDA:254,16,0,99145
BRDA:254,16,1,193105
BRDA:254,17,0,292250
BRDA:254,17,1,202424
BRDA:257,18,0,149209
BRDA:257,18,1,9
BRDA:257,19,0,149218
BRDA:257,19,1,149213
BRDA:261,20,0,0
BRDA:261,20,1,193105
BRDA:261,21,0,193105
BRDA:261,21,1,0
BRDA:265,22,0,520304
BRDA:265,22,1,1704
BRDA:317,23,0,3
BRDA:317,23,1,16163
BRDA:346,24,0,15587
BRDA:346,24,1,4659
BRDA:455,25,0,492778
BRDA:455,25,1,492758
BRDA:555,26,0,208944
BRDA:555,26,1,208109
BRDA:560,27,0,5695
BRDA:560,27,1,4861
BRDA:560,27,2,143
BRDA:580,28,0,217
BRDA:580,28,1,186
BRDA:585,29,0,38211
BRDA:585,29,1,68
BRDA:610,30,0,8270
BRDA:610,30,1,8255
BRDA:610,30,2,7694
BRDA:610,30,3,4642
BRDA:610,30,4,4642
BRDA:628,31,0,5150
BRDA:628,31,1,628
BRDA:637,32,0,1225
BRDA:637,32,1,251
BRDA:701,33,0,2
BRDA:701,33,1,3197
BRDA:701,34,0,3199
BRDA:701,34,1,3198
BRDA:706,35,0,2560
BRDA:706,35,1,637
BRDA:708,36,0,1795
BRDA:708,36,1,765
BRDA:709,37,0,46
BRDA:709,37,1,1749
BRDA:711,38,0,3
BRDA:711,38,1,1746
BRDA:713,39,0,13
BRDA:713,39,1,1733
BRDA:716,40,0,382
BRDA:716,40,1,1351
BRDA:722,41,0,2
BRDA:722,41,1,635
BRDA:725,42,0,635
BRDA:725,42,1,592
BRDA:726,43,0,635
BRDA:726,43,1,592
BRDA:728,44,0,633
BRDA:728,44,1,2
BRDA:730,45,0,5
BRDA:730,45,1,628
BRDA:737,46,0,49
BRDA:737,46,1,581
BRDA:741,47,0,26
BRDA:741,47,1,51
BRDA:749,48,0,3
BRDA:749,48,1,578
BRDA:757,49,0,665
BRDA:757,49,1,1
BRDA:759,50,0,19
BRDA:759,50,1,646
BRDA:779,51,0,166
BRDA:779,51,1,10849
BRDA:780,52,0,166
BRDA:780,52,1,165
BRDA:785,53,0,10772
BRDA:785,53,1,77
BRDA:786,54,0,10772
BRDA:786,54,1,10770
BRDA:789,55,0,17014
BRDA:789,55,1,2
BRDA:789,56,0,17016
BRDA:789,56,1,3
BRDA:795,57,0,11015
BRDA:795,57,1,77
BRDA:829,58,0,457
BRDA:829,58,1,1199
BRDA:830,59,0,157
BRDA:830,59,1,1042
BRDA:830,60,0,1199
BRDA:830,60,1,1069
BRDA:831,61,0,3
BRDA:831,61,1,1039
BRDA:831,62,0,1042
BRDA:831,62,1,5
BRDA:833,63,0,863
BRDA:833,63,1,176
BRDA:834,64,0,787
BRDA:834,64,1,76
BRDA:835,65,0,137
BRDA:835,65,1,650
BRDA:836,66,0,1
BRDA:836,66,1,136
BRDA:837,67,0,131
BRDA:837,67,1,5
BRDA:839,68,0,10
BRDA:839,68,1,206
BRDA:843,69,0,14
BRDA:843,69,1,636
BRDA:844,70,0,0
BRDA:844,70,1,14
BRDA:846,71,0,7
BRDA:846,71,1,629
BRDA:846,72,0,636
BRDA:846,72,1,7
BRDA:849,73,0,4
BRDA:849,73,1,625
BRDA:849,74,0,629
BRDA:849,74,1,627
BRDA:849,74,2,627
BRDA:849,74,3,626
BRDA:849,74,4,626
BRDA:852,75,0,366
BRDA:852,75,1,346
BRDA:852,76,0,712
BRDA:852,76,1,388
BRDA:853,77,0,69
BRDA:853,77,1,277
BRDA:857,78,0,9
BRDA:857,78,1,263
BRDA:857,79,0,272
BRDA:857,79,1,13
BRDA:857,79,2,11
BRDA:857,79,3,10
BRDA:870,80,0,2983
BRDA:870,80,1,5
BRDA:872,81,0,5
BRDA:872,81,1,4
BRDA:875,82,0,3
BRDA:875,82,1,2
BRDA:895,83,0,684
BRDA:895,83,1,678
BRDA:919,84,0,0
BRDA:919,84,1,1969
BRDA:920,85,0,1969
BRDA:920,85,1,0
BRDA:920,86,0,1969
BRDA:920,86,1,1969
BRDA:921,87,0,0
BRDA:921,87,1,1969
BRDA:923,88,0,0
BRDA:923,88,1,0
BRDA:928,89,0,1023
BRDA:928,89,1,0
BRDA:942,90,0,38
BRDA:942,90,1,504
BRDA:942,91,0,542
BRDA:942,91,1,542
BRDA:942,91,2,40
BRDA:944,92,0,1
BRDA:944,92,1,503
BRDA:946,93,0,1
BRDA:946,93,1,502
BRDA:946,94,0,503
BRDA:946,94,1,436
BRDA:948,95,0,1
BRDA:948,95,1,501
BRDA:971,96,0,6
BRDA:971,96,1,310
BRDA:972,97,0,4
BRDA:972,97,1,306
BRDA:989,98,0,37
BRDA:989,98,1,4
BRDA:1007,99,0,1
BRDA:1007,99,1,54
BRDA:1043,100,0,443
BRDA:1043,100,1,337
BRDA:1044,101,0,222
BRDA:1044,101,1,338
BRDA:1047,102,0,220
BRDA:1047,102,1,2
BRDA:1048,103,0,143
BRDA:1048,103,1,77
BRDA:1049,104,0,214
BRDA:1049,104,1,6
BRDA:1051,105,0,2
BRDA:1051,105,1,4
BRDA:1065,106,0,4
BRDA:1065,106,1,344
BRDA:1068,107,0,2
BRDA:1068,107,1,9
BRDA:1072,108,0,114
BRDA:1072,108,1,230
BRDA:1075,109,0,185
BRDA:1075,109,1,612
BRDA:1116,110,0,2477
BRDA:1116,110,1,78
BRDA:1126,111,0,1
BRDA:1126,111,1,304
BRDA:1269,112,0,73
BRDA:1269,112,1,239
BRDA:1269,113,0,312
BRDA:1269,113,1,93
BRDA:1269,113,2,93
BRDA:1278,114,0,4
BRDA:1278,114,1,308
BRDA:1278,115,0,312
BRDA:1278,115,1,14
BRDA:1283,116,0,77
BRDA:1283,116,1,1
BRDA:1285,117,0,3
BRDA:1285,117,1,74
BRDA:1340,118,0,13
BRDA:1340,118,1,2
BRDA:1348,119,0,2
BRDA:1348,119,1,13
BRDA:1349,120,0,1
BRDA:1349,120,1,1
BRDA:1357,121,0,13
BRDA:1357,121,1,7
BRDA:1362,122,0,0
BRDA:1362,122,1,13
BRDA:1385,123,0,0
BRDA:1385,123,1,15
BRDA:1385,124,0,15
BRDA:1385,124,1,15
BRDA:1390,125,0,12
BRDA:1390,125,1,3
BRDA:1390,126,0,15
BRDA:1390,126,1,15
BRDA:1432,127,0,3409
BRDA:1432,127,1,2
BRDA:1434,128,0,111
BRDA:1434,128,1,37
BRDA:1443,129,0,3610
BRDA:1443,129,1,1
BRDA:1453,130,0,0
BRDA:1453,130,1,1
BRDA:1453,131,0,1
BRDA:1453,131,1,0
BRDA:1469,132,0,0
BRDA:1469,132,1,0
BRDA:1472,133,0,0
BRDA:1472,133,1,0
BRDA:1472,134,0,0
BRDA:1472,134,1,0
BRDA:1495,135,0,6
BRDA:1495,135,1,303026
BRDA:1496,136,0,6
BRDA:1496,136,1,0
BRDA:1496,137,0,6
BRDA:1496,137,1,0
BRDA:1502,138,0,2
BRDA:1502,138,1,59015
BRDA:1502,139,0,59017
BRDA:1502,139,1,30
BRDA:1507,140,0,4
BRDA:1507,140,1,59013
BRDA:1507,141,0,59017
BRDA:1507,141,1,59016
BRDA:1507,142,0,4
BRDA:1507,142,1,0
BRDA:1517,143,0,6
BRDA:1517,143,1,622888
BRDA:1531,144,0,0
BRDA:1531,144,1,9
BRDA:1539,145,0,10
BRDA:1539,145,1,2
BRDA:1543,146,0,0
BRDA:1543,146,1,9
BRDA:1543,147,0,9
BRDA:1543,147,1,0
BRDA:1563,148,0,0
BRDA:1563,148,1,228
BRF:314
BRH:282
end_of_record
TN:
SF:./src/loader.js
FN:12,setupModuleLoader
FN:17,ensure
FN:26,(anonymous_3)
FN:81,module
FN:82,(anonymous_5)
FN:92,(anonymous_6)
FN:289,(anonymous_7)
FN:307,invokeLater
FN:309,(anonymous_9)
FNF:9
FNH:9
FNDA:3619,setupModuleLoader
FNDA:24450,ensure
FNDA:8,(anonymous_3)
FNDA:17213,module
FNDA:17213,(anonymous_5)
FNDA:3652,(anonymous_6)
FNDA:3,(anonymous_7)
FNDA:36470,invokeLater
FNDA:3676,(anonymous_9)
DA:12,1
DA:14,3619
DA:15,3619
DA:17,1
DA:18,24450
DA:21,3619
DA:24,3619
DA:26,3619
DA:28,8
DA:81,8
DA:82,17213
DA:83,17213
DA:84,1
DA:88,17213
DA:89,17212
DA:90,3624
DA:92,17212
DA:93,3652
DA:94,5
DA:100,3647
DA:103,3647
DA:106,3647
DA:108,3647
DA:111,3647
DA:290,3
DA:291,3
DA:295,3647
DA:296,3618
DA:299,3647
DA:307,1
DA:308,36470
DA:309,36470
DA:310,3676
DA:311,3676
LF:34
LH:34
BRDA:18,1,0,24450
BRDA:18,1,1,3667
BRDA:24,2,0,3619
BRDA:24,2,1,7
BRDA:83,3,0,1
BRDA:83,3,1,17212
BRDA:89,4,0,3624
BRDA:89,4,1,13588
BRDA:89,5,0,17212
BRDA:89,5,1,3647
BRDA:93,6,0,5
BRDA:93,6,1,3647
BRDA:295,7,0,3618
BRDA:295,7,1,29
BRDA:308,8,0,32823
BRDA:308,8,1,3647
BRDA:310,9,0,3676
BRDA:310,9,1,39
BRF:18
BRH:18
end_of_record
TN:
SF:./src/AngularPublic.js
FN:113,publishExternalAPI
FN:154,ngModule
FNF:2
FNH:2
FNDA:3611,publishExternalAPI
FNDA:3044,ngModule
DA:104,1
DA:113,1
DA:114,3611
DA:146,3611
DA:147,3611
DA:148,3611
DA:150,1
DA:153,3611
DA:156,3044
DA:159,3044
DA:211,3044
LF:11
LH:11
BRF:0
BRH:0
end_of_record
TN:
SF:./src/jqLite.js
FN:105,(anonymous_1)
FN:108,(anonymous_2)
FN:115,(anonymous_3)
FN:120,jqNextId
FN:133,camelCase
FN:135,(anonymous_6)
FN:161,jqLiteIsTextNode
FN:165,jqLiteAcceptsData
FN:172,jqLiteBuildFragment
FN:202,(anonymous_10)
FN:209,jqLiteParseHTML
FN:225,JQLite
FN:250,jqLiteClone
FN:254,jqLiteDealoc
FN:265,jqLiteOff
FN:282,(anonymous_16)
FN:297,jqLiteRemoveData
FN:319,jqLiteExpandoStore
FN:332,jqLiteData
FN:358,jqLiteHasClass
FN:364,jqLiteRemoveClass
FN:366,(anonymous_22)
FN:376,jqLiteAddClass
FN:381,(anonymous_24)
FN:393,jqLiteAddNodes
FN:419,jqLiteController
FN:423,jqLiteInheritedData
FN:443,jqLiteEmpty
FN:450,jqLiteRemove
FN:457,jqLiteDocumentLoaded
FN:474,(anonymous_31)
FN:477,trigger
FN:494,(anonymous_33)
FN:496,(anonymous_34)
FN:500,(anonymous_35)
FN:516,(anonymous_36)
FN:520,(anonymous_37)
FN:531,getBooleanAttrName
FN:539,getAliasedAttrName
FN:547,(anonymous_40)
FN:555,(anonymous_41)
FN:560,(anonymous_42)
FN:567,(anonymous_43)
FN:571,(anonymous_44)
FN:577,(anonymous_45)
FN:587,(anonymous_46)
FN:615,(anonymous_47)
FN:623,(anonymous_48)
FN:627,getText
FN:636,(anonymous_50)
FN:640,(anonymous_51)
FN:652,(anonymous_52)
FN:661,(anonymous_53)
FN:665,(anonymous_54)
FN:712,createEventHandler
FN:713,(anonymous_56)
FN:715,(anonymous_57)
FN:726,(anonymous_58)
FN:739,(anonymous_59)
FN:769,jqLiteOn
FN:801,(anonymous_61)
FN:823,(anonymous_62)
FN:829,onFn
FN:836,(anonymous_64)
FN:839,(anonymous_65)
FN:849,(anonymous_66)
FN:851,(anonymous_67)
FN:858,(anonymous_68)
FN:862,(anonymous_69)
FN:874,(anonymous_70)
FN:877,(anonymous_71)
FN:883,(anonymous_72)
FN:894,(anonymous_73)
FN:898,(anonymous_74)
FN:912,(anonymous_75)
FN:914,(anonymous_76)
FN:924,(anonymous_77)
FN:929,(anonymous_78)
FN:933,(anonymous_79)
FN:943,(anonymous_80)
FN:954,(anonymous_81)
FN:955,(anonymous_82)
FN:956,(anonymous_83)
FN:957,(anonymous_84)
FN:972,(anonymous_85)
FN:979,(anonymous_86)
FN:983,(anonymous_87)
FNF:87
FNH:83
FNDA:3564,(anonymous_1)
FNDA:3247,(anonymous_2)
FNDA:401,(anonymous_3)
FNDA:4461,jqNextId
FNDA:36412,camelCase
FNDA:57327,(anonymous_6)
FNDA:5794,jqLiteIsTextNode
FNDA:32186,jqLiteAcceptsData
FNDA:5694,jqLiteBuildFragment
FNDA:5840,(anonymous_10)
FNDA:6023,jqLiteParseHTML
FNDA:82966,JQLite
FNDA:1335,jqLiteClone
FNDA:4941,jqLiteDealoc
FNDA:16093,jqLiteOff
FNDA:717,(anonymous_16)
FNDA:18672,jqLiteRemoveData
FNDA:46410,jqLiteExpandoStore
FNDA:28355,jqLiteData
FNDA:2257,jqLiteHasClass
FNDA:2119,jqLiteRemoveClass
FNDA:2628,(anonymous_22)
FNDA:7495,jqLiteAddClass
FNDA:8541,(anonymous_24)
FNDA:34528,jqLiteAddNodes
FNDA:49,jqLiteController
FNDA:2734,jqLiteInheritedData
FNDA:4085,jqLiteEmpty
FNDA:571,jqLiteRemove
FNDA:3,jqLiteDocumentLoaded
FNDA:0,(anonymous_31)
FNDA:0,trigger
FNDA:0,(anonymous_33)
FNDA:0,(anonymous_34)
FNDA:286,(anonymous_35)
FNDA:7,(anonymous_36)
FNDA:7,(anonymous_37)
FNDA:4899,getBooleanAttrName
FNDA:600,getAliasedAttrName
FNDA:2,(anonymous_40)
FNDA:56,(anonymous_41)
FNDA:17,(anonymous_42)
FNDA:96,(anonymous_43)
FNDA:45,(anonymous_44)
FNDA:156,(anonymous_45)
FNDA:3872,(anonymous_46)
FNDA:601,(anonymous_47)
FNDA:1,(anonymous_48)
FNDA:995,getText
FNDA:1336,(anonymous_50)
FNDA:52,(anonymous_51)
FNDA:424,(anonymous_52)
FNDA:15,(anonymous_53)
FNDA:38548,(anonymous_54)
FNDA:1569,createEventHandler
FNDA:722,(anonymous_56)
FNDA:58,(anonymous_57)
FNDA:3,(anonymous_58)
FNDA:832,(anonymous_59)
FNDA:3834,jqLiteOn
FNDA:6,(anonymous_61)
FNDA:60,(anonymous_62)
FNDA:50,onFn
FNDA:2,(anonymous_64)
FNDA:3,(anonymous_65)
FNDA:345,(anonymous_66)
FNDA:750,(anonymous_67)
FNDA:211,(anonymous_68)
FNDA:1105,(anonymous_69)
FNDA:162,(anonymous_70)
FNDA:166,(anonymous_71)
FNDA:84,(anonymous_72)
FNDA:2,(anonymous_73)
FNDA:835,(anonymous_74)
FNDA:27,(anonymous_75)
FNDA:35,(anonymous_76)
FNDA:4555,(anonymous_77)
FNDA:2,(anonymous_78)
FNDA:683,(anonymous_79)
FNDA:53,(anonymous_80)
FNDA:1,(anonymous_81)
FNDA:2,(anonymous_82)
FNDA:2,(anonymous_83)
FNDA:52,(anonymous_84)
FNDA:50,(anonymous_85)
FNDA:21,(anonymous_86)
FNDA:51857,(anonymous_87)
DA:101,1
DA:103,1
DA:106,3564
DA:109,3247
DA:115,1
DA:117,401
DA:120,4461
DA:123,1
DA:124,1
DA:125,1
DA:126,1
DA:133,1
DA:134,36412
DA:136,57327
DA:141,1
DA:142,1
DA:143,1
DA:144,1
DA:146,1
DA:156,1
DA:157,1
DA:158,1
DA:161,1
DA:162,5794
DA:165,1
DA:168,32186
DA:169,32186
DA:172,1
DA:173,5694
DA:177,5694
DA:179,8
DA:182,5686
DA:183,5686
DA:184,5686
DA:185,5686
DA:188,5686
DA:189,5686
DA:190,26
DA:193,5686
DA:195,5686
DA:196,5686
DA:200,5694
DA:201,5694
DA:202,5694
DA:203,5840
DA:206,5694
DA:209,1
DA:210,6023
DA:211,6023
DA:213,6023
DA:214,331
DA:217,5692
DA:218,5692
DA:221,0
DA:225,1
DA:226,82966
DA:227,14199
DA:230,68767
DA:232,68767
DA:233,11945
DA:234,11945
DA:236,68767
DA:237,34318
DA:238,0
DA:240,34318
DA:243,34449
DA:244,6023
DA:246,28426
DA:250,1
DA:251,1335
DA:254,1
DA:255,4941
DA:257,4941
DA:258,4716
DA:259,4716
DA:260,1482
DA:265,1
DA:266,16093
DA:268,16092
DA:269,16092
DA:270,16092
DA:272,16092
DA:274,3193
DA:275,2879
DA:276,3112
DA:277,2584
DA:279,3112
DA:282,314
DA:283,717
DA:284,710
DA:285,710
DA:286,710
DA:287,62
DA:291,655
DA:292,655
DA:297,1
DA:298,18672
DA:299,18672
DA:301,18672
DA:302,5577
DA:303,1881
DA:304,1881
DA:307,3696
DA:308,1491
DA:309,77
DA:311,1491
DA:313,3696
DA:314,3696
DA:319,1
DA:320,46410
DA:323,46410
DA:324,4461
DA:325,4461
DA:328,46410
DA:332,1
DA:333,28355
DA:335,26436
DA:336,26436
DA:337,26436
DA:338,26436
DA:339,26436
DA:341,26436
DA:342,7463
DA:344,18973
DA:345,565
DA:347,18408
DA:349,18290
DA:351,118
DA:358,1
DA:359,2257
DA:360,2255
DA:364,1
DA:365,2119
DA:366,2110
DA:367,2628
DA:376,1
DA:377,7495
DA:378,7384
DA:381,7384
DA:382,8541
DA:383,8541
DA:384,8387
DA:388,7383
DA:393,1
DA:396,34528
DA:399,33647
DA:400,26029
DA:402,7618
DA:405,7618
DA:406,7542
DA:407,7401
DA:408,8473
DA:412,76
DA:419,1
DA:420,49
DA:423,1
DA:426,2734
DA:427,4
DA:429,2734
DA:431,2734
DA:432,6217
DA:433,6234
DA:439,4600
DA:443,1
DA:444,4085
DA:445,4085
DA:446,1006
DA:450,1
DA:451,571
DA:452,571
DA:453,571
DA:457,1
DA:458,3
DA:459,3
DA:463,1
DA:466,2
DA:473,1
DA:475,0
DA:477,1
DA:478,0
DA:479,0
DA:480,0
DA:484,0
DA:485,0
DA:487,0
DA:490,0
DA:495,0
DA:496,0
DA:497,0
DA:501,286
DA:515,1
DA:516,1
DA:517,7
DA:519,1
DA:520,1
DA:521,7
DA:523,1
DA:531,1
DA:533,4899
DA:536,4899
DA:539,1
DA:540,600
DA:541,600
DA:544,1
DA:548,2
DA:551,1
DA:557,56
DA:562,17
DA:568,96
DA:572,45
DA:578,156
DA:580,156
DA:581,94
DA:583,62
DA:588,3872
DA:589,3872
DA:590,283
DA:591,248
DA:592,83
DA:593,83
DA:595,165
DA:596,165
DA:599,35
DA:604,3589
DA:605,798
DA:606,2791
DA:609,2791
DA:611,2791
DA:616,601
DA:617,330
DA:619,271
DA:624,1
DA:625,1
DA:627,1
DA:628,995
DA:629,652
DA:630,652
DA:632,343
DA:637,1336
DA:638,424
DA:639,26
DA:640,26
DA:641,52
DA:642,32
DA:645,26
DA:647,398
DA:649,912
DA:653,424
DA:654,146
DA:656,278
DA:657,278
DA:665,15
DA:666,38548
DA:667,38548
DA:672,38548
DA:674,24001
DA:677,668
DA:678,673
DA:680,547
DA:682,126
DA:683,69
DA:688,668
DA:692,23333
DA:694,23333
DA:695,23333
DA:696,22955
DA:697,22955
DA:699,23333
DA:703,14547
DA:704,14778
DA:707,14547
DA:712,1
DA:713,1569
DA:715,722
DA:716,58
DA:719,722
DA:720,722
DA:722,722
DA:724,722
DA:725,722
DA:726,722
DA:727,3
DA:729,3
DA:730,3
DA:733,3
DA:734,3
DA:739,722
DA:740,832
DA:744,722
DA:745,103
DA:748,722
DA:749,830
DA:750,829
DA:757,1569
DA:758,1569
DA:766,1
DA:770,3834
DA:773,3831
DA:774,2
DA:777,3829
DA:778,3829
DA:779,3829
DA:781,3829
DA:782,1569
DA:786,3829
DA:787,3829
DA:789,3829
DA:790,4260
DA:791,4260
DA:793,4260
DA:794,3710
DA:796,3710
DA:801,4
DA:802,6
DA:805,6
DA:806,4
DA:811,3706
DA:812,3131
DA:815,3710
DA:817,4260
DA:824,60
DA:829,60
DA:830,50
DA:831,50
DA:833,60
DA:837,2
DA:838,2
DA:839,2
DA:840,3
DA:841,1
DA:843,2
DA:845,3
DA:850,345
DA:851,345
DA:852,750
DA:853,386
DA:855,345
DA:859,211
DA:863,1105
DA:864,1105
DA:866,1104
DA:868,1104
DA:869,1221
DA:870,1221
DA:875,162
DA:876,162
DA:877,162
DA:878,166
DA:884,84
DA:885,84
DA:886,84
DA:887,83
DA:889,84
DA:895,2
DA:899,835
DA:900,835
DA:902,835
DA:903,1438
DA:904,1438
DA:905,1438
DA:913,27
DA:914,23
DA:915,35
DA:916,35
DA:917,27
DA:919,35
DA:925,4555
DA:926,4555
DA:930,2
DA:934,683
DA:935,682
DA:937,1
DA:945,53
DA:946,53
DA:947,53
DA:948,53
DA:949,53
DA:951,53
DA:953,44
DA:954,1
DA:955,2
DA:956,2
DA:957,52
DA:964,44
DA:965,1
DA:969,44
DA:970,44
DA:972,44
DA:973,50
DA:974,49
DA:983,21
DA:984,51857
DA:986,51857
DA:987,52317
DA:988,52238
DA:989,52232
DA:991,6957
DA:994,79
DA:997,51851
DA:1001,21
DA:1002,21
LF:401
LH:388
BRDA:117,1,0,401
BRDA:117,1,1,1
BRDA:136,2,0,57321
BRDA:136,2,1,6
BRDA:169,3,0,32186
BRDA:169,3,1,2708
BRDA:169,3,2,2659
BRDA:177,4,0,8
BRDA:177,4,1,5686
BRDA:182,5,0,5686
BRDA:182,5,1,5686
BRDA:183,6,0,5686
BRDA:183,6,1,4
BRDA:184,7,0,5686
BRDA:184,7,1,5670
BRDA:210,8,0,6023
BRDA:210,8,1,6023
BRDA:213,9,0,331
BRDA:213,9,1,5692
BRDA:217,10,0,5692
BRDA:217,10,1,0
BRDA:226,11,0,14199
BRDA:226,11,1,68767
BRDA:232,12,0,11945
BRDA:232,12,1,56822
BRDA:236,13,0,34318
BRDA:236,13,1,34449
BRDA:237,14,0,0
BRDA:237,14,1,34318
BRDA:237,15,0,34318
BRDA:237,15,1,5922
BRDA:243,16,0,6023
BRDA:243,16,1,28426
BRDA:255,17,0,578
BRDA:255,17,1,4363
BRDA:257,18,0,4716
BRDA:257,18,1,225
BRDA:266,19,0,1
BRDA:266,19,1,16092
BRDA:269,20,0,16092
BRDA:269,20,1,5020
BRDA:270,21,0,16092
BRDA:270,21,1,5020
BRDA:272,22,0,12899
BRDA:272,22,1,3193
BRDA:274,23,0,2879
BRDA:274,23,1,314
BRDA:276,24,0,2584
BRDA:276,24,1,528
BRDA:283,25,0,710
BRDA:283,25,1,7
BRDA:285,26,0,710
BRDA:285,26,1,232
BRDA:286,27,0,62
BRDA:286,27,1,648
BRDA:286,28,0,710
BRDA:286,28,1,478
BRDA:299,29,0,18672
BRDA:299,29,1,5587
BRDA:301,30,0,5577
BRDA:301,30,1,13095
BRDA:302,31,0,1881
BRDA:302,31,1,3696
BRDA:307,32,0,1491
BRDA:307,32,1,2205
BRDA:308,33,0,77
BRDA:308,33,1,1414
BRDA:321,34,0,46410
BRDA:321,34,1,29043
BRDA:323,35,0,4461
BRDA:323,35,1,41949
BRDA:323,36,0,46410
BRDA:323,36,1,11975
BRDA:333,37,0,26436
BRDA:333,37,1,1919
BRDA:336,38,0,26436
BRDA:336,38,1,18973
BRDA:336,38,2,18408
BRDA:339,39,0,26436
BRDA:339,39,1,23703
BRDA:341,40,0,7463
BRDA:341,40,1,18973
BRDA:344,41,0,565
BRDA:344,41,1,18408
BRDA:347,42,0,18290
BRDA:347,42,1,118
BRDA:349,43,0,18290
BRDA:349,43,1,15557
BRDA:359,44,0,2
BRDA:359,44,1,2255
BRDA:360,45,0,2255
BRDA:360,45,1,129
BRDA:365,46,0,2110
BRDA:365,46,1,9
BRDA:365,47,0,2119
BRDA:365,47,1,2111
BRDA:368,48,0,2628
BRDA:368,48,1,1
BRDA:377,49,0,7384
BRDA:377,49,1,111
BRDA:377,50,0,7495
BRDA:377,50,1,7489
BRDA:378,51,0,7384
BRDA:378,51,1,2688
BRDA:383,52,0,8387
BRDA:383,52,1,154
BRDA:396,53,0,33647
BRDA:396,53,1,881
BRDA:399,54,0,26029
BRDA:399,54,1,7618
BRDA:405,55,0,7542
BRDA:405,55,1,76
BRDA:405,56,0,7618
BRDA:405,56,1,7544
BRDA:406,57,0,7401
BRDA:406,57,1,141
BRDA:420,58,0,49
BRDA:420,58,1,6
BRDA:426,59,0,4
BRDA:426,59,1,2730
BRDA:429,60,0,16
BRDA:429,60,1,2718
BRDA:433,61,0,1617
BRDA:433,61,1,4617
BRDA:439,62,0,4600
BRDA:439,62,1,1118
BRDA:439,62,2,1114
BRDA:451,63,0,569
BRDA:451,63,1,2
BRDA:453,64,0,546
BRDA:453,64,1,25
BRDA:458,65,0,3
BRDA:458,65,1,0
BRDA:459,66,0,1
BRDA:459,66,1,2
BRDA:478,67,0,0
BRDA:478,67,1,0
BRDA:484,68,0,0
BRDA:484,68,1,0
BRDA:501,69,0,285
BRDA:501,69,1,1
BRDA:536,70,0,4899
BRDA:536,70,1,141
BRDA:536,70,2,127
BRDA:541,71,0,600
BRDA:541,71,1,396
BRDA:541,71,2,208
BRDA:557,72,0,56
BRDA:557,72,1,16
BRDA:557,73,0,16
BRDA:557,73,1,1
BRDA:562,74,0,17
BRDA:562,74,1,8
BRDA:580,75,0,94
BRDA:580,75,1,62
BRDA:589,76,0,283
BRDA:589,76,1,3589
BRDA:590,77,0,248
BRDA:590,77,1,35
BRDA:591,78,0,83
BRDA:591,78,1,165
BRDA:599,79,0,20
BRDA:599,79,1,15
BRDA:599,80,0,35
BRDA:599,80,1,20
BRDA:600,81,0,20
BRDA:600,81,1,15
BRDA:604,82,0,798
BRDA:604,82,1,2791
BRDA:606,83,0,2791
BRDA:606,83,1,0
BRDA:611,84,0,625
BRDA:611,84,1,2166
BRDA:616,85,0,330
BRDA:616,85,1,271
BRDA:628,86,0,652
BRDA:628,86,1,343
BRDA:630,87,0,616
BRDA:630,87,1,36
BRDA:630,88,0,652
BRDA:630,88,1,37
BRDA:637,89,0,424
BRDA:637,89,1,912
BRDA:638,90,0,26
BRDA:638,90,1,398
BRDA:638,91,0,424
BRDA:638,91,1,26
BRDA:641,92,0,32
BRDA:641,92,1,20
BRDA:642,93,0,32
BRDA:642,93,1,0
BRDA:645,94,0,1
BRDA:645,94,1,25
BRDA:653,95,0,146
BRDA:653,95,1,278
BRDA:672,96,0,24001
BRDA:672,96,1,14547
BRDA:672,97,0,38548
BRDA:672,97,1,34463
BRDA:673,98,0,2733
BRDA:673,98,1,31730
BRDA:673,99,0,34463
BRDA:673,99,1,5193
BRDA:673,99,2,3182
BRDA:674,100,0,668
BRDA:674,100,1,23333
BRDA:678,101,0,547
BRDA:678,101,1,126
BRDA:694,102,0,22745
BRDA:694,102,1,588
BRDA:697,103,0,59
BRDA:697,103,1,22896
BRDA:719,104,0,722
BRDA:719,104,1,641
BRDA:720,105,0,722
BRDA:720,105,1,0
BRDA:722,106,0,0
BRDA:722,106,1,722
BRDA:724,107,0,722
BRDA:724,107,1,0
BRDA:729,108,0,3
BRDA:729,108,1,0
BRDA:733,109,0,3
BRDA:733,109,1,0
BRDA:744,110,0,103
BRDA:744,110,1,619
BRDA:749,111,0,829
BRDA:749,111,1,1
BRDA:770,112,0,3
BRDA:770,112,1,3831
BRDA:773,113,0,2
BRDA:773,113,1,3829
BRDA:781,114,0,1569
BRDA:781,114,1,2260
BRDA:786,115,0,278
BRDA:786,115,1,3551
BRDA:793,116,0,3710
BRDA:793,116,1,550
BRDA:796,117,0,4
BRDA:796,117,1,3706
BRDA:796,118,0,3710
BRDA:796,118,1,3708
BRDA:805,119,0,4
BRDA:805,119,1,2
BRDA:805,120,0,6
BRDA:805,120,1,6
BRDA:805,120,2,6
BRDA:811,121,0,3131
BRDA:811,121,1,575
BRDA:840,122,0,1
BRDA:840,122,1,2
BRDA:852,123,0,386
BRDA:852,123,1,364
BRDA:859,124,0,211
BRDA:859,124,1,210
BRDA:859,124,2,0
BRDA:864,125,0,1
BRDA:864,125,1,1104
BRDA:864,126,0,1105
BRDA:864,126,1,2
BRDA:875,127,0,162
BRDA:875,127,1,0
BRDA:886,128,0,83
BRDA:886,128,1,1
BRDA:913,129,0,23
BRDA:913,129,1,4
BRDA:916,130,0,27
BRDA:916,130,1,8
BRDA:919,131,0,19
BRDA:919,131,1,16
BRDA:926,132,0,3711
BRDA:926,132,1,844
BRDA:926,133,0,4555
BRDA:926,133,1,4168
BRDA:934,134,0,682
BRDA:934,134,1,1
BRDA:946,135,0,53
BRDA:946,135,1,52
BRDA:948,136,0,53
BRDA:948,136,1,51
BRDA:949,137,0,53
BRDA:949,137,1,51
BRDA:951,138,0,44
BRDA:951,138,1,9
BRDA:964,139,0,1
BRDA:964,139,1,43
BRDA:970,140,0,22
BRDA:970,140,1,22
BRDA:973,141,0,49
BRDA:973,141,1,1
BRDA:987,142,0,52238
BRDA:987,142,1,79
BRDA:989,143,0,6957
BRDA:989,143,1,45275
BRDA:997,144,0,6957
BRDA:997,144,1,44894
BRF:296
BRH:280
end_of_record
TN:
SF:./src/apis.js
FN:16,hashKey
FN:39,HashMap
FN:42,(anonymous_3)
FN:54,(anonymous_4)
FN:62,(anonymous_5)
FN:70,(anonymous_6)
FNF:6
FNH:6
FNDA:32381,hashKey
FNDA:3201,HashMap
FNDA:4070,(anonymous_3)
FNDA:14091,(anonymous_4)
FNDA:17702,(anonymous_5)
FNDA:141,(anonymous_6)
DA:16,1
DA:17,32381
DA:19,32381
DA:20,4139
DA:21,0
DA:23,4139
DA:26,28242
DA:27,28242
DA:28,4167
DA:30,24075
DA:33,28242
DA:39,1
DA:40,3201
DA:41,3099
DA:42,3099
DA:43,4070
DA:46,3201
DA:48,1
DA:55,14091
DA:63,17702
DA:71,141
DA:72,141
DA:73,141
LF:23
LH:22
BRDA:17,1,0,32381
BRDA:17,1,1,32357
BRDA:19,2,0,4139
BRDA:19,2,1,28242
BRDA:20,3,0,0
BRDA:20,3,1,4139
BRDA:27,4,0,4167
BRDA:27,4,1,24075
BRDA:27,5,0,28242
BRDA:27,5,1,24469
BRDA:27,5,2,396
BRDA:28,6,0,4167
BRDA:28,6,1,97
BRDA:40,7,0,3099
BRDA:40,7,1,102
BRF:15
BRH:14
end_of_record
TN:
SF:./src/auto/injector.js
FN:70,anonFn
FN:81,annotate
FN:100,(anonymous_3)
FN:101,(anonymous_4)
FN:608,createInjector
FN:625,(anonymous_6)
FN:630,(anonymous_7)
FN:636,(anonymous_8)
FN:644,supportObject
FN:645,(anonymous_10)
FN:654,provider
FN:665,enforceReturnValue
FN:666,enforcedReturnValue
FN:675,factory
FN:681,service
FN:682,(anonymous_16)
FN:687,value
FN:689,constant
FN:695,decorator
FN:699,(anonymous_20)
FN:708,loadModules
FN:710,(anonymous_22)
FN:714,runInvokeQueue
FN:760,createInternalInjector
FN:762,getService
FN:785,invoke
FN:817,instantiate
FN:818,(anonymous_28)
FN:835,(anonymous_29)
FNF:29
FNH:29
FNDA:1,anonFn
FNDA:216949,annotate
FNDA:7629,(anonymous_3)
FNDA:7628,(anonymous_4)
FNDA:3097,createInjector
FNDA:13,(anonymous_6)
FNDA:61002,(anonymous_7)
FNDA:4060,(anonymous_8)
FNDA:15485,supportObject
FNDA:271137,(anonymous_10)
FNDA:368453,provider
FNDA:254999,enforceReturnValue
FNDA:3361,enforcedReturnValue
FNDA:255452,factory
FNDA:5,service
FNDA:3,(anonymous_16)
FNDA:453,value
FNDA:5,constant
FNDA:12958,decorator
FNDA:8240,(anonymous_20)
FNDA:13046,loadModules
FNDA:17662,(anonymous_22)
FNDA:19898,runInvokeQueue
FNDA:6194,createInternalInjector
FNDA:263624,getService
FNDA:216899,invoke
FNDA:113091,instantiate
FNDA:113091,(anonymous_28)
FNDA:1565,(anonymous_29)
DA:64,1
DA:65,1
DA:66,1
DA:67,1
DA:68,1
DA:70,1
DA:73,1
DA:75,1
DA:76,1
DA:78,0
DA:81,1
DA:82,216949
DA:87,216949
DA:88,157960
DA:89,35275
DA:90,35275
DA:91,4005
DA:92,4
DA:93,2
DA:95,4
DA:98,4001
DA:99,4001
DA:100,4001
DA:101,7629
DA:102,7628
DA:106,35271
DA:108,58989
DA:109,58986
DA:110,58986
DA:111,58985
DA:113,3
DA:115,216941
DA:608,1
DA:609,3097
DA:610,3097
DA:626,13
DA:631,61002
DA:632,60993
DA:636,4060
DA:638,3084
DA:644,1
DA:645,15485
DA:646,271137
DA:647,9122
DA:649,262015
DA:654,1
DA:655,368453
DA:656,368452
DA:657,112999
DA:659,368452
DA:660,0
DA:662,368452
DA:665,1
DA:666,254999
DA:667,3361
DA:668,3354
DA:669,1
DA:671,3353
DA:675,1
DA:676,255452
DA:681,1
DA:682,5
DA:683,3
DA:687,453
DA:689,1
DA:690,5
DA:691,4
DA:692,4
DA:695,1
DA:696,12958
DA:699,12958
DA:700,8240
DA:701,8240
DA:708,1
DA:709,13046
DA:710,13046
DA:711,17662
DA:712,14020
DA:714,1
DA:715,19898
DA:716,19898
DA:717,14254
DA:720,14254
DA:724,14020
DA:725,14020
DA:726,9952
DA:727,9949
DA:728,9949
DA:729,9949
DA:730,4068
DA:731,3772
DA:732,296
DA:733,295
DA:735,1
DA:738,11
DA:739,1
DA:741,11
DA:747,0
DA:749,11
DA:753,13035
DA:760,1
DA:762,1
DA:763,263624
DA:764,202609
DA:765,2
DA:768,202607
DA:770,61015
DA:771,61015
DA:772,61015
DA:773,61015
DA:775,32
DA:776,32
DA:778,32
DA:780,61015
DA:785,1
DA:786,216899
DA:787,0
DA:788,0
DA:791,216899
DA:796,216892
DA:797,164233
DA:798,164233
DA:799,0
DA:802,164233
DA:808,216878
DA:809,58982
DA:814,216878
DA:817,1
DA:818,113091
DA:823,113091
DA:824,113091
DA:825,113091
DA:827,113089
DA:830,6194
DA:836,1565
DA:842,1
LF:136
LH:130
BRDA:75,1,0,1
BRDA:75,1,1,0
BRDA:76,2,0,1
BRDA:76,2,1,0
BRDA:87,3,0,157960
BRDA:87,3,1,58989
BRDA:88,4,0,35275
BRDA:88,4,1,122685
BRDA:90,5,0,4005
BRDA:90,5,1,31270
BRDA:91,6,0,4
BRDA:91,6,1,4001
BRDA:92,7,0,2
BRDA:92,7,1,2
BRDA:92,8,0,4
BRDA:92,8,1,2
BRDA:93,9,0,2
BRDA:93,9,1,1
BRDA:108,10,0,58986
BRDA:108,10,1,3
BRDA:636,11,0,4060
BRDA:636,11,1,3231
BRDA:646,12,0,9122
BRDA:646,12,1,262015
BRDA:656,13,0,112999
BRDA:656,13,1,255453
BRDA:656,14,0,368452
BRDA:656,14,1,258498
BRDA:659,15,0,0
BRDA:659,15,1,368452
BRDA:668,16,0,1
BRDA:668,16,1,3353
BRDA:677,17,0,254999
BRDA:677,17,1,453
BRDA:711,18,0,3642
BRDA:711,18,1,14020
BRDA:725,19,0,9952
BRDA:725,19,1,4068
BRDA:730,20,0,3772
BRDA:730,20,1,296
BRDA:732,21,0,295
BRDA:732,21,1,1
BRDA:738,22,0,1
BRDA:738,22,1,10
BRDA:741,23,0,0
BRDA:741,23,1,11
BRDA:741,24,0,11
BRDA:741,24,1,10
BRDA:741,24,2,10
BRDA:750,25,0,11
BRDA:750,25,1,1
BRDA:750,25,2,1
BRDA:763,26,0,202609
BRDA:763,26,1,61015
BRDA:764,27,0,2
BRDA:764,27,1,202607
BRDA:775,28,0,32
BRDA:775,28,1,0
BRDA:786,29,0,0
BRDA:786,29,1,216899
BRDA:798,30,0,0
BRDA:798,30,1,164233
BRDA:803,31,0,11602
BRDA:803,31,1,152631
BRDA:803,32,0,164233
BRDA:803,32,1,19547
BRDA:808,33,0,58982
BRDA:808,33,1,157896
BRDA:823,34,0,3090
BRDA:823,34,1,110001
BRDA:827,35,0,3
BRDA:827,35,1,113086
BRDA:827,36,0,113089
BRDA:827,36,1,113087
BRDA:836,37,0,1565
BRDA:836,37,1,1544
BRF:76
BRH:69
end_of_record
TN:
SF:./src/ng/anchorScroll.js
FN:11,$AnchorScrollProvider
FN:28,(anonymous_2)
FN:169,(anonymous_3)
FN:175,getFirstAnchor
FN:177,(anonymous_5)
FN:186,getYOffset
FN:207,scrollTo
FN:235,scroll
FN:254,autoScrollWatch
FN:255,autoScrollWatchAction
FN:259,(anonymous_11)
FNF:11
FNH:11
FNDA:3044,$AnchorScrollProvider
FNDA:2,(anonymous_2)
FNDA:93,(anonymous_3)
FNDA:7,getFirstAnchor
FNDA:7,(anonymous_5)
FNDA:26,getYOffset
FNDA:28,scrollTo
FNDA:31,scroll
FNDA:375,autoScrollWatch
FNDA:84,autoScrollWatchAction
FNDA:18,(anonymous_11)
DA:11,1
DA:13,3044
DA:28,3044
DA:29,2
DA:169,3044
DA:170,93
DA:175,1
DA:176,7
DA:177,7
DA:178,7
DA:179,3
DA:180,3
DA:183,7
DA:186,1
DA:188,26
DA:190,26
DA:191,4
DA:192,22
DA:193,1
DA:194,1
DA:195,1
DA:196,0
DA:198,1
DA:200,21
DA:201,9
DA:204,26
DA:207,1
DA:208,28
DA:209,26
DA:211,26
DA:213,26
DA:227,17
DA:228,17
DA:231,2
DA:235,1
DA:236,31
DA:239,31
DA:242,30
DA:245,7
DA:248,4
DA:253,93
DA:254,375
DA:257,84
DA:259,18
DA:260,18
DA:265,93
LF:46
LH:45
BRDA:178,1,0,3
BRDA:178,1,1,4
BRDA:190,2,0,4
BRDA:190,2,1,22
BRDA:192,3,0,1
BRDA:192,3,1,21
BRDA:195,4,0,0
BRDA:195,4,1,1
BRDA:200,5,0,9
BRDA:200,5,1,12
BRDA:208,6,0,26
BRDA:208,6,1,2
BRDA:213,7,0,17
BRDA:213,7,1,9
BRDA:239,8,0,1
BRDA:239,8,1,30
BRDA:242,9,0,23
BRDA:242,9,1,7
BRDA:245,10,0,3
BRDA:245,10,1,4
BRDA:248,11,0,1
BRDA:248,11,1,3
BRDA:253,12,0,91
BRDA:253,12,1,2
BRDA:257,13,0,66
BRDA:257,13,1,18
BRDA:257,14,0,84
BRDA:257,14,1,82
BRF:28
BRH:27
end_of_record
TN:
SF:./src/ng/animate.js
FN:18,(anonymous_1)
FN:55,(anonymous_2)
FN:77,(anonymous_3)
FN:84,(anonymous_4)
FN:88,runAnimationPostDigest
FN:90,ngAnimateMaybeCancel
FN:94,ngAnimatePostDigest
FN:95,ngAnimateNotifyComplete
FN:103,resolveElementClasses
FN:107,(anonymous_10)
FN:111,(anonymous_11)
FN:129,cachedClassManipulation
FN:136,asyncPromise
FN:140,(anonymous_14)
FN:148,applyStyles
FN:173,(anonymous_16)
FN:194,(anonymous_17)
FN:212,(anonymous_18)
FN:235,(anonymous_19)
FN:254,(anonymous_20)
FN:258,(anonymous_21)
FN:263,(anonymous_22)
FN:283,(anonymous_23)
FN:287,(anonymous_24)
FN:292,(anonymous_25)
FN:313,(anonymous_26)
FN:338,(anonymous_27)
FN:360,(anonymous_28)
FNF:28
FNH:27
FNDA:3044,(anonymous_1)
FNDA:352,(anonymous_2)
FNDA:164,(anonymous_3)
FNDA:1465,(anonymous_4)
FNDA:1331,runAnimationPostDigest
FNDA:0,ngAnimateMaybeCancel
FNDA:1284,ngAnimatePostDigest
FNDA:1284,ngAnimateNotifyComplete
FNDA:1283,resolveElementClasses
FNDA:4161,(anonymous_10)
FNDA:3924,(anonymous_11)
FNDA:8310,cachedClassManipulation
FNDA:4500,asyncPromise
FNDA:39,(anonymous_14)
FNDA:4271,applyStyles
FNDA:2,(anonymous_16)
FNDA:807,(anonymous_17)
FNDA:229,(anonymous_18)
FNDA:25,(anonymous_19)
FNDA:2431,(anonymous_20)
FNDA:1273,(anonymous_21)
FNDA:1276,(anonymous_22)
FNDA:1610,(anonymous_23)
FNDA:962,(anonymous_24)
FNDA:962,(anonymous_25)
FNDA:4155,(anonymous_26)
FNDA:1284,(anonymous_27)
FNDA:1227,(anonymous_28)
DA:3,1
DA:18,1
DA:21,3044
DA:55,3044
DA:56,352
DA:57,352
DA:59,351
DA:60,351
DA:77,3044
DA:78,164
DA:79,2
DA:81,164
DA:84,3044
DA:86,1465
DA:88,1
DA:89,1331
DA:90,1331
DA:91,0
DA:94,1331
DA:95,1284
DA:96,1284
DA:100,1331
DA:103,1
DA:104,1283
DA:106,1283
DA:107,1283
DA:108,4161
DA:111,1283
DA:112,3924
DA:118,3924
DA:119,1364
DA:120,2560
DA:121,2267
DA:125,1283
DA:129,1
DA:130,8310
DA:131,4293
DA:132,4293
DA:136,1
DA:138,4500
DA:139,771
DA:140,771
DA:141,39
DA:142,39
DA:145,4500
DA:148,1
DA:149,4271
DA:150,50
DA:151,50
DA:172,1465
DA:174,2
DA:175,2
DA:195,807
DA:196,807
DA:198,807
DA:213,229
DA:214,229
DA:238,25
DA:255,2431
DA:259,1273
DA:260,1273
DA:263,1273
DA:264,1276
DA:266,1273
DA:267,1273
DA:284,1610
DA:288,962
DA:289,962
DA:292,962
DA:293,962
DA:295,962
DA:296,962
DA:314,4155
DA:315,4155
DA:316,4155
DA:317,4155
DA:319,4155
DA:320,4155
DA:321,1331
DA:325,1331
DA:326,2824
DA:327,0
DA:330,4155
DA:332,4155
DA:333,4155
DA:334,4155
DA:335,4155
DA:337,4155
DA:338,1331
DA:339,1284
DA:340,1284
DA:345,1284
DA:346,1283
DA:347,1283
DA:348,1217
DA:352,1284
DA:354,1331
DA:357,4155
DA:361,1227
DA:362,1227
DA:363,1227
DA:364,1227
LF:102
LH:100
BRDA:57,1,0,1
BRDA:57,1,1,351
BRDA:57,2,0,352
BRDA:57,2,1,189
BRDA:78,3,0,2
BRDA:78,3,1,162
BRDA:79,4,0,2
BRDA:79,4,1,0
BRDA:91,5,0,0
BRDA:91,5,1,0
BRDA:107,6,0,1283
BRDA:107,6,1,64
BRDA:118,7,0,1364
BRDA:118,7,1,2560
BRDA:118,8,0,3924
BRDA:118,8,1,1587
BRDA:120,9,0,2267
BRDA:120,9,1,293
BRDA:120,10,0,2560
BRDA:120,10,1,2337
BRDA:125,11,0,1283
BRDA:125,11,1,1217
BRDA:126,12,0,1174
BRDA:126,12,1,43
BRDA:126,13,0,893
BRDA:126,13,1,324
BRDA:138,14,0,771
BRDA:138,14,1,3729
BRDA:149,15,0,50
BRDA:149,15,1,4221
BRDA:150,16,0,50
BRDA:150,16,1,47
BRDA:150,17,0,50
BRDA:150,17,1,43
BRDA:196,18,0,681
BRDA:196,18,1,126
BRDA:260,19,0,1176
BRDA:260,19,1,97
BRDA:261,20,0,1176
BRDA:261,20,1,0
BRDA:289,21,0,901
BRDA:289,21,1,61
BRDA:290,22,0,901
BRDA:290,22,1,0
BRDA:320,23,0,1331
BRDA:320,23,1,2824
BRDA:326,24,0,0
BRDA:326,24,1,2824
BRDA:326,25,0,2824
BRDA:326,25,1,0
BRDA:327,26,0,0
BRDA:327,26,1,0
BRDA:332,27,0,1610
BRDA:332,27,1,2545
BRDA:333,28,0,2431
BRDA:333,28,1,1724
BRDA:337,29,0,1331
BRDA:337,29,1,2824
BRDA:345,30,0,1283
BRDA:345,30,1,1
BRDA:347,31,0,1217
BRDA:347,31,1,66
BRDA:361,32,0,1227
BRDA:361,32,1,1184
BRDA:362,33,0,1227
BRDA:362,33,1,903
BRF:66
BRH:57
end_of_record
TN:
SF:./src/ng/asyncCallback.js
FN:3,$$AsyncCallbackProvider
FN:4,(anonymous_2)
FN:6,(anonymous_3)
FN:7,(anonymous_4)
FNF:4
FNH:2
FNDA:3044,$$AsyncCallbackProvider
FNDA:1467,(anonymous_2)
FNDA:0,(anonymous_3)
FNDA:0,(anonymous_4)
DA:3,1
DA:4,3044
DA:5,1467
DA:6,0
DA:8,0
LF:5
LH:3
BRDA:5,1,0,1466
BRDA:5,1,1,1
BRF:2
BRH:2
end_of_record
TN:
SF:./src/ng/browser.js
FN:25,Browser
FN:41,(anonymous_2)
FN:47,completeOutstandingRequest
FN:70,(anonymous_4)
FN:74,(anonymous_5)
FN:100,(anonymous_6)
FN:114,startPoller
FN:115,check
FN:116,(anonymous_9)
FN:153,(anonymous_10)
FN:217,(anonymous_11)
FN:224,cacheStateAndFireUrlChange
FN:231,cacheState
FN:243,fireUrlChange
FN:250,(anonymous_15)
FN:276,(anonymous_16)
FN:315,(anonymous_17)
FN:327,safeDecodeURIComponent
FN:355,(anonymous_19)
FN:417,(anonymous_20)
FN:420,(anonymous_21)
FN:439,(anonymous_22)
FN:451,$BrowserProvider
FN:453,(anonymous_24)
FNF:24
FNH:22
FNDA:119,Browser
FNDA:0,(anonymous_2)
FNDA:5,completeOutstandingRequest
FNDA:1,(anonymous_4)
FNDA:0,(anonymous_5)
FNDA:5,(anonymous_6)
FNDA:3,startPoller
FNDA:5,check
FNDA:4,(anonymous_9)
FNDA:161,(anonymous_10)
FNDA:43,(anonymous_11)
FNDA:16,cacheStateAndFireUrlChange
FNDA:175,cacheState
FNDA:41,fireUrlChange
FNDA:15,(anonymous_15)
FNDA:25,(anonymous_16)
FNDA:130,(anonymous_17)
FNDA:30,safeDecodeURIComponent
FNDA:35,(anonymous_19)
FNDA:7,(anonymous_20)
FNDA:3,(anonymous_21)
FNDA:3,(anonymous_22)
FNDA:3044,$BrowserProvider
FNDA:15,(anonymous_24)
DA:25,1
DA:26,119
DA:34,119
DA:36,119
DA:37,119
DA:40,119
DA:41,119
DA:47,1
DA:48,5
DA:49,5
DA:51,5
DA:52,5
DA:53,3
DA:54,0
DA:55,0
DA:57,0
DA:70,119
DA:74,1
DA:76,1
DA:77,1
DA:79,0
DA:86,119
DA:100,119
DA:101,5
DA:102,5
DA:103,5
DA:114,1
DA:115,3
DA:116,5
DA:117,5
DA:125,119
DA:130,119
DA:131,119
DA:153,119
DA:157,161
DA:158,121
DA:162,161
DA:163,161
DA:166,161
DA:167,58
DA:172,58
DA:173,5
DA:175,53
DA:176,53
DA:177,53
DA:182,53
DA:183,40
DA:184,40
DA:186,40
DA:188,13
DA:189,6
DA:191,13
DA:192,5
DA:194,8
DA:197,53
DA:203,103
DA:217,119
DA:218,43
DA:221,119
DA:224,1
DA:225,16
DA:226,16
DA:230,119
DA:231,1
DA:233,175
DA:234,175
DA:237,175
DA:238,14
DA:240,175
DA:243,1
DA:244,41
DA:245,26
DA:248,15
DA:249,15
DA:250,15
DA:251,15
DA:276,119
DA:278,25
DA:284,25
DA:286,25
DA:288,25
DA:291,25
DA:292,25
DA:300,119
DA:315,119
DA:316,130
DA:317,130
DA:323,119
DA:324,119
DA:325,119
DA:327,1
DA:328,30
DA:329,30
DA:331,1
DA:355,119
DA:356,35
DA:358,35
DA:359,13
DA:360,2
DA:363,11
DA:364,11
DA:371,11
DA:372,2
DA:379,22
DA:380,14
DA:381,14
DA:382,14
DA:384,14
DA:385,15
DA:386,15
DA:387,15
DA:388,15
DA:392,15
DA:393,15
DA:398,22
DA:417,119
DA:418,7
DA:419,7
DA:420,7
DA:421,3
DA:422,3
DA:424,7
DA:425,7
DA:439,119
DA:440,3
DA:441,2
DA:442,2
DA:443,2
DA:444,2
DA:446,1
DA:451,1
DA:452,3044
DA:454,15
LF:133
LH:129
BRDA:52,1,0,3
BRDA:52,1,1,2
BRDA:76,2,0,1
BRDA:76,2,1,0
BRDA:101,3,0,3
BRDA:101,3,1,2
BRDA:157,4,0,121
BRDA:157,4,1,40
BRDA:162,5,0,0
BRDA:162,5,1,161
BRDA:163,6,0,0
BRDA:163,6,1,161
BRDA:166,7,0,58
BRDA:166,7,1,103
BRDA:172,8,0,5
BRDA:172,8,1,53
BRDA:172,9,0,58
BRDA:172,9,1,39
BRDA:172,9,2,38
BRDA:175,10,0,53
BRDA:175,10,1,53
BRDA:182,11,0,40
BRDA:182,11,1,13
BRDA:182,12,0,53
BRDA:182,12,1,43
BRDA:182,12,2,37
BRDA:183,13,0,1
BRDA:183,13,1,39
BRDA:188,14,0,6
BRDA:188,14,1,7
BRDA:191,15,0,5
BRDA:191,15,1,8
BRDA:203,16,0,103
BRDA:203,16,1,97
BRDA:234,17,0,1
BRDA:234,17,1,174
BRDA:237,18,0,14
BRDA:237,18,1,161
BRDA:244,19,0,26
BRDA:244,19,1,15
BRDA:244,20,0,41
BRDA:244,20,1,34
BRDA:278,21,0,25
BRDA:278,21,1,0
BRDA:284,22,0,20
BRDA:284,22,1,5
BRDA:317,23,0,114
BRDA:317,23,1,16
BRDA:358,24,0,13
BRDA:358,24,1,22
BRDA:359,25,0,2
BRDA:359,25,1,11
BRDA:363,26,0,11
BRDA:363,26,1,0
BRDA:371,27,0,2
BRDA:371,27,1,9
BRDA:379,28,0,14
BRDA:379,28,1,8
BRDA:387,29,0,15
BRDA:387,29,1,0
BRDA:392,30,0,15
BRDA:392,30,1,0
BRDA:423,31,0,7
BRDA:423,31,1,7
BRDA:440,32,0,2
BRDA:440,32,1,1
BRF:66
BRH:59
end_of_record
TN:
SF:./src/ng/cacheFactory.js
FN:84,$CacheFactoryProvider
FN:86,(anonymous_2)
FN:89,cacheFactory
FN:161,(anonymous_4)
FN:190,(anonymous_5)
FN:213,(anonymous_6)
FN:239,(anonymous_7)
FN:256,(anonymous_8)
FN:280,(anonymous_9)
FN:289,refresh
FN:308,link
FN:326,(anonymous_12)
FN:328,(anonymous_13)
FN:345,(anonymous_14)
FN:397,$TemplateCacheProvider
FN:398,(anonymous_16)
FNF:16
FNH:16
FNDA:3044,$CacheFactoryProvider
FNDA:1730,(anonymous_2)
FNDA:3234,cacheFactory
FNDA:685,(anonymous_4)
FNDA:344,(anonymous_5)
FNDA:33,(anonymous_6)
FNDA:5,(anonymous_7)
FNDA:1,(anonymous_8)
FNDA:19,(anonymous_9)
FNDA:77,refresh
FNDA:172,link
FNDA:4,(anonymous_12)
FNDA:2,(anonymous_13)
FNDA:3,(anonymous_14)
FNDA:3044,$TemplateCacheProvider
FNDA:1479,(anonymous_16)
DA:84,1
DA:86,3044
DA:87,1730
DA:89,1
DA:90,3234
DA:91,1
DA:94,3233
DA:141,3233
DA:162,685
DA:163,51
DA:165,51
DA:168,685
DA:169,682
DA:170,681
DA:172,681
DA:173,12
DA:176,681
DA:191,344
DA:192,44
DA:194,44
DA:196,26
DA:199,326
DA:214,33
DA:215,18
DA:217,18
DA:219,18
DA:220,18
DA:221,18
DA:223,18
DA:226,33
DA:227,33
DA:240,5
DA:241,5
DA:242,5
DA:243,5
DA:257,1
DA:258,1
DA:259,1
DA:260,1
DA:281,19
DA:289,1
DA:290,77
DA:291,77
DA:292,13
DA:293,64
DA:294,28
DA:297,77
DA:298,77
DA:299,77
DA:300,77
DA:308,1
DA:309,172
DA:310,124
DA:311,124
DA:326,1730
DA:327,4
DA:328,4
DA:329,2
DA:331,4
DA:345,1730
DA:346,3
DA:350,1730
DA:397,1
DA:398,3044
DA:399,1479
LF:65
LH:65
BRDA:90,1,0,1
BRDA:90,1,1,3233
BRDA:97,2,0,3233
BRDA:97,2,1,10
BRDA:97,2,2,3223
BRDA:162,3,0,51
BRDA:162,3,1,634
BRDA:163,4,0,51
BRDA:163,4,1,47
BRDA:168,5,0,3
BRDA:168,5,1,682
BRDA:169,6,0,350
BRDA:169,6,1,331
BRDA:172,7,0,12
BRDA:172,7,1,669
BRDA:191,8,0,44
BRDA:191,8,1,300
BRDA:194,9,0,18
BRDA:194,9,1,26
BRDA:214,10,0,18
BRDA:214,10,1,15
BRDA:217,11,0,0
BRDA:217,11,1,18
BRDA:219,12,0,2
BRDA:219,12,1,16
BRDA:220,13,0,16
BRDA:220,13,1,2
BRDA:290,14,0,77
BRDA:290,14,1,0
BRDA:291,15,0,13
BRDA:291,15,1,64
BRDA:293,16,0,28
BRDA:293,16,1,36
BRDA:309,17,0,124
BRDA:309,17,1,48
BRDA:310,18,0,123
BRDA:310,18,1,1
BRDA:311,19,0,68
BRDA:311,19,1,56
BRF:39
BRH:37
end_of_record
TN:
SF:./src/ng/compile.js
FN:702,$CompileProvider
FN:715,parseIsolateBindings
FN:720,(anonymous_3)
FN:756,registerDirective
FN:763,(anonymous_5)
FN:765,(anonymous_6)
FN:817,(anonymous_7)
FN:847,(anonymous_8)
FN:879,(anonymous_9)
FN:890,(anonymous_10)
FN:893,(anonymous_11)
FN:924,(anonymous_12)
FN:941,(anonymous_13)
FN:959,(anonymous_14)
FN:980,(anonymous_15)
FN:1063,(anonymous_16)
FN:1091,(anonymous_17)
FN:1097,(anonymous_18)
FN:1104,(anonymous_19)
FN:1111,safeAddClass
FN:1125,denormalizeTemplate
FN:1130,$$addBindingInfo
FN:1142,$$addBindingClass
FN:1146,$$addScopeInfo
FN:1151,$$addScopeClass
FN:1159,compile
FN:1168,(anonymous_27)
FN:1178,publicLinkFn
FN:1229,detectNamespaceForChildElements
FN:1254,compileNodes
FN:1297,compositeLinkFn
FN:1354,createBoundTranscludeFn
FN:1356,(anonymous_33)
FN:1383,collectDirectives
FN:1477,groupScan
FN:1509,groupElementsLinkFnWrapper
FN:1510,(anonymous_37)
FN:1539,applyDirectivesToNode
FN:1750,addLinkFns
FN:1772,getControllers
FN:1811,(anonymous_41)
FN:1819,nodeLinkFn
FN:1846,(anonymous_43)
FN:1887,(anonymous_44)
FN:1897,(anonymous_45)
FN:1916,(anonymous_46)
FN:1918,(anonymous_47)
FN:1926,parentValueWatch
FN:1951,(anonymous_49)
FN:1959,(anonymous_50)
FN:2000,controllersBoundTransclude
FN:2021,markDirectivesAsIsolate
FN:2042,addDirective
FN:2074,directiveIsMultiElement
FN:2095,mergeTemplateAttributes
FN:2101,(anonymous_56)
FN:2111,(anonymous_57)
FN:2129,compileTemplateUrl
FN:2148,(anonymous_59)
FN:2186,(anonymous_60)
FN:2226,delayedNodeLinkFn
FN:2247,byPriority
FN:2255,assertNoDuplicate
FN:2263,addTextInterpolateDirective
FN:2268,textInterpolateCompileFn
FN:2276,textInterpolateLinkFn
FN:2280,interpolateFnWatchAction
FN:2290,wrapTemplate
FN:2304,getTrustedContext
FN:2319,addAttrInterpolateDirective
FN:2334,(anonymous_71)
FN:2336,attrInterpolatePreLinkFn
FN:2366,interpolateFnWatchAction
FN:2396,replaceWith
FN:2470,cloneAndAnnotateFn
FN:2471,(anonymous_76)
FN:2475,invokeLinkFn
FN:2497,directiveNormalize
FN:2546,nodesetLinkingFn
FN:2553,directiveLinkingFn
FN:2561,tokenDifference
FN:2577,removeComments
FNF:82
FNH:80
FNDA:3044,$CompileProvider
FNDA:73,parseIsolateBindings
FNDA:319,(anonymous_3)
FNDA:253657,registerDirective
FNDA:2775,(anonymous_5)
FNDA:2965,(anonymous_6)
FNDA:3,(anonymous_7)
FNDA:3,(anonymous_8)
FNDA:27,(anonymous_9)
FNDA:1399,(anonymous_10)
FNDA:5187,(anonymous_11)
FNDA:56,(anonymous_12)
FNDA:5,(anonymous_13)
FNDA:8,(anonymous_14)
FNDA:600,(anonymous_15)
FNDA:267,(anonymous_16)
FNDA:1258,(anonymous_17)
FNDA:1194,(anonymous_18)
FNDA:1,(anonymous_19)
FNDA:2713,safeAddClass
FNDA:2,denormalizeTemplate
FNDA:491,$$addBindingInfo
FNDA:303,$$addBindingClass
FNDA:2603,$$addScopeInfo
FNDA:2379,$$addScopeClass
FNDA:2321,compile
FNDA:2389,(anonymous_27)
FNDA:2539,publicLinkFn
FNDA:2216,detectNamespaceForChildElements
FNDA:4116,compileNodes
FNDA:3374,compositeLinkFn
FNDA:536,createBoundTranscludeFn
FNDA:739,(anonymous_33)
FNDA:4599,collectDirectives
FNDA:53,groupScan
FNDA:24,groupElementsLinkFnWrapper
FNDA:27,(anonymous_37)
FNDA:2646,applyDirectivesToNode
FNDA:3330,addLinkFns
FNDA:5830,getControllers
FNDA:3495,(anonymous_41)
FNDA:2828,nodeLinkFn
FNDA:1222,(anonymous_43)
FNDA:367,(anonymous_44)
FNDA:23,(anonymous_45)
FNDA:326,(anonymous_46)
FNDA:2,(anonymous_47)
FNDA:299,parentValueWatch
FNDA:5,(anonymous_49)
FNDA:1222,(anonymous_50)
FNDA:739,controllersBoundTransclude
FNDA:9,markDirectivesAsIsolate
FNDA:8396,addDirective
FNDA:4303,directiveIsMultiElement
FNDA:96,mergeTemplateAttributes
FNDA:301,(anonymous_56)
FNDA:200,(anonymous_57)
FNDA:103,compileTemplateUrl
FNDA:99,(anonymous_59)
FNDA:56,(anonymous_60)
FNDA:111,delayedNodeLinkFn
FNDA:1617,byPriority
FNDA:1795,assertNoDuplicate
FNDA:880,addTextInterpolateDirective
FNDA:263,textInterpolateCompileFn
FNDA:448,textInterpolateLinkFn
FNDA:500,interpolateFnWatchAction
FNDA:118,wrapTemplate
FNDA:186,getTrustedContext
FNDA:4302,addAttrInterpolateDirective
FNDA:182,(anonymous_71)
FNDA:190,attrInterpolatePreLinkFn
FNDA:269,interpolateFnWatchAction
FNDA:545,replaceWith
FNDA:59,cloneAndAnnotateFn
FNDA:57,(anonymous_76)
FNDA:4155,invokeLinkFn
FNDA:12727,directiveNormalize
FNDA:0,nodesetLinkingFn
FNDA:0,directiveLinkingFn
FNDA:16,tokenDifference
FNDA:98,removeComments
DA:693,1
DA:701,1
DA:702,1
DA:703,3044
DA:713,3044
DA:715,1
DA:716,73
DA:718,73
DA:720,73
DA:721,319
DA:723,319
DA:724,1
DA:730,318
DA:738,72
DA:756,3044
DA:757,253657
DA:758,253656
DA:759,241476
DA:760,241476
DA:761,225826
DA:762,225826
DA:764,2775
DA:765,2775
DA:766,2965
DA:767,2965
DA:768,2964
DA:769,79
DA:770,2885
DA:771,1101
DA:773,2964
DA:774,2964
DA:775,2964
DA:776,2964
DA:777,2964
DA:778,2964
DA:779,73
DA:781,2963
DA:783,2
DA:786,2774
DA:789,241476
DA:791,12180
DA:793,253656
DA:817,3044
DA:818,3
DA:819,1
DA:820,1
DA:822,2
DA:847,3044
DA:848,3
DA:849,1
DA:850,1
DA:852,2
DA:878,3044
DA:879,3044
DA:880,27
DA:881,27
DA:882,27
DA:884,0
DA:887,3044
DA:893,1399
DA:894,5187
DA:895,684
DA:896,684
DA:898,684
DA:899,1994
DA:900,1994
DA:903,4503
DA:906,5187
DA:909,1399
DA:925,56
DA:926,54
DA:942,5
DA:943,5
DA:960,8
DA:961,8
DA:962,6
DA:965,8
DA:966,8
DA:967,6
DA:985,600
DA:991,600
DA:992,55
DA:993,55
DA:994,545
DA:995,56
DA:996,56
DA:999,600
DA:1002,600
DA:1003,64
DA:1005,536
DA:1006,536
DA:1007,95
DA:1011,600
DA:1013,600
DA:1016,11
DA:1017,589
DA:1019,27
DA:1022,27
DA:1024,27
DA:1025,27
DA:1028,27
DA:1031,27
DA:1032,27
DA:1033,17
DA:1035,17
DA:1037,17
DA:1041,27
DA:1044,27
DA:1047,27
DA:1048,17
DA:1050,27
DA:1053,600
DA:1054,599
DA:1055,39
DA:1057,560
DA:1062,600
DA:1063,600
DA:1064,267
DA:1065,267
DA:1067,3
DA:1092,1258
DA:1096,1258
DA:1097,1258
DA:1098,1194
DA:1100,677
DA:1104,1258
DA:1105,1
DA:1111,1
DA:1112,2713
DA:1113,2713
DA:1121,1399
DA:1126,2
DA:1130,1399
DA:1131,491
DA:1133,491
DA:1134,450
DA:1136,41
DA:1139,491
DA:1142,1399
DA:1143,303
DA:1146,1399
DA:1147,2603
DA:1148,2603
DA:1151,1399
DA:1152,2379
DA:1155,1399
DA:1159,1
DA:1161,2321
DA:1164,1141
DA:1168,2321
DA:1169,2389
DA:1170,78
DA:1173,2321
DA:1176,2306
DA:1177,2306
DA:1178,2306
DA:1179,2539
DA:1181,2539
DA:1182,2539
DA:1190,2539
DA:1191,4
DA:1194,2539
DA:1195,2216
DA:1197,2539
DA:1198,2539
DA:1204,20
DA:1207,2519
DA:1210,736
DA:1212,1783
DA:1215,2539
DA:1216,62
DA:1217,67
DA:1221,2539
DA:1223,2539
DA:1224,2539
DA:1225,2524
DA:1229,1
DA:1231,2216
DA:1232,2216
DA:1233,1799
DA:1235,417
DA:1254,1
DA:1256,4116
DA:1259,4116
DA:1260,4503
DA:1263,4503
DA:1266,4501
DA:1271,4488
DA:1272,31
DA:1275,4488
DA:1284,4484
DA:1285,3124
DA:1286,3124
DA:1287,3124
DA:1291,4484
DA:1295,4097
DA:1297,1
DA:1298,3374
DA:1299,3374
DA:1302,3374
DA:1305,2653
DA:1306,2653
DA:1309,2653
DA:1310,2857
DA:1311,2857
DA:1314,721
DA:1317,3374
DA:1318,3602
DA:1319,3602
DA:1320,3602
DA:1322,3602
DA:1323,2832
DA:1324,34
DA:1325,34
DA:1327,2798
DA:1330,2832
DA:1331,528
DA:1335,2304
DA:1336,65
DA:1338,2239
DA:1339,0
DA:1342,2239
DA:1345,2832
DA:1347,770
DA:1348,770
DA:1354,1
DA:1356,536
DA:1358,739
DA:1359,600
DA:1360,600
DA:1363,739
DA:1370,536
DA:1383,1
DA:1384,4599
DA:1389,4599
DA:1392,3706
DA:1396,3706
DA:1398,4303
DA:1399,4303
DA:1401,4303
DA:1402,4303
DA:1403,4303
DA:1406,4303
DA:1407,4303
DA:1408,22
DA:1411,4303
DA:1412,4303
DA:1413,663
DA:1414,46
DA:1415,46
DA:1416,46
DA:1420,4302
DA:1421,4302
DA:1422,4302
DA:1423,4299
DA:1424,4299
DA:1425,72
DA:1428,4302
DA:1429,4301
DA:1434,3704
DA:1435,3704
DA:1436,321
DA:1437,387
DA:1438,387
DA:1439,70
DA:1441,387
DA:1444,3704
DA:1446,880
DA:1447,880
DA:1449,11
DA:1450,11
DA:1451,11
DA:1452,2
DA:1453,2
DA:1454,2
DA:1462,11
DA:1465,4597
DA:1466,4597
DA:1477,1
DA:1478,53
DA:1479,53
DA:1480,53
DA:1481,32
DA:1482,77
DA:1483,2
DA:1487,75
DA:1488,73
DA:1489,73
DA:1491,75
DA:1492,75
DA:1495,21
DA:1498,51
DA:1509,1
DA:1510,24
DA:1511,27
DA:1512,27
DA:1539,1
DA:1542,2646
DA:1544,2646
DA:1564,2646
DA:1565,3955
DA:1566,3955
DA:1567,3955
DA:1570,3955
DA:1571,26
DA:1573,3953
DA:1575,3953
DA:1576,139
DA:1579,3814
DA:1583,131
DA:1584,111
DA:1587,77
DA:1589,76
DA:1593,34
DA:1598,129
DA:1601,3812
DA:1603,3812
DA:1604,1208
DA:1605,1208
DA:1606,1208
DA:1608,1208
DA:1611,3812
DA:1612,507
DA:1617,507
DA:1618,273
DA:1619,269
DA:1622,503
DA:1623,428
DA:1624,428
DA:1625,428
DA:1626,428
DA:1629,428
DA:1630,428
DA:1632,428
DA:1644,75
DA:1645,75
DA:1646,75
DA:1650,3807
DA:1651,100
DA:1652,100
DA:1653,98
DA:1655,98
DA:1659,98
DA:1661,98
DA:1662,55
DA:1663,55
DA:1664,1
DA:1666,54
DA:1668,55
DA:1670,55
DA:1671,2
DA:1676,53
DA:1678,53
DA:1685,53
DA:1686,53
DA:1688,53
DA:1689,6
DA:1691,53
DA:1692,53
DA:1694,53
DA:1696,43
DA:1700,3803
DA:1701,103
DA:1702,103
DA:1703,103
DA:1705,103
DA:1706,46
DA:1709,103
DA:1716,102
DA:1717,3700
DA:1718,3400
DA:1719,3400
DA:1720,3377
DA:1721,1781
DA:1722,1596
DA:1723,1549
DA:1726,23
DA:1730,3801
DA:1731,451
DA:1732,451
DA:1737,2631
DA:1738,2631
DA:1739,2631
DA:1740,2631
DA:1741,2631
DA:1743,2631
DA:1746,2631
DA:1750,1
DA:1751,3330
DA:1752,1549
DA:1753,1549
DA:1754,1549
DA:1755,1549
DA:1756,6
DA:1758,1549
DA:1760,3330
DA:1761,2292
DA:1762,2292
DA:1763,2292
DA:1764,2292
DA:1765,53
DA:1767,2292
DA:1772,1
DA:1773,5830
DA:1774,5830
DA:1775,5830
DA:1776,5830
DA:1777,4365
DA:1778,4365
DA:1780,4365
DA:1781,3
DA:1782,3
DA:1784,4365
DA:1785,2037
DA:1786,2328
DA:1787,5
DA:1788,5
DA:1790,4365
DA:1791,2565
DA:1794,4365
DA:1796,4365
DA:1797,2230
DA:1798,2223
DA:1801,4365
DA:1803,4365
DA:1804,3
DA:1808,4362
DA:1809,1465
DA:1810,1465
DA:1811,1465
DA:1812,3495
DA:1815,1465
DA:1819,1
DA:1820,2828
DA:1823,2828
DA:1824,2144
DA:1825,2144
DA:1827,684
DA:1828,684
DA:1831,2828
DA:1832,75
DA:1835,2828
DA:1838,599
DA:1839,599
DA:1842,2828
DA:1844,1069
DA:1845,1069
DA:1846,1069
DA:1847,1222
DA:1854,1222
DA:1855,1222
DA:1856,16
DA:1859,1222
DA:1866,1222
DA:1867,1222
DA:1868,1164
DA:1871,1222
DA:1875,2828
DA:1876,75
DA:1878,75
DA:1880,75
DA:1881,75
DA:1882,75
DA:1884,3
DA:1887,75
DA:1888,367
DA:1894,367
DA:1897,72
DA:1898,23
DA:1900,72
DA:1901,72
DA:1904,22
DA:1906,72
DA:1909,236
DA:1910,82
DA:1912,154
DA:1913,154
DA:1914,8
DA:1916,326
DA:1918,154
DA:1920,2
DA:1921,2
DA:1925,154
DA:1926,154
DA:1927,299
DA:1929,46
DA:1931,41
DA:1934,5
DA:1937,297
DA:1939,154
DA:1940,154
DA:1941,154
DA:1942,56
DA:1944,98
DA:1946,154
DA:1947,154
DA:1950,59
DA:1951,59
DA:1952,5
DA:1954,59
DA:1958,2828
DA:1959,1069
DA:1960,1222
DA:1962,1068
DA:1966,2827
DA:1967,1567
DA:1968,1567
DA:1980,2819
DA:1981,2819
DA:1982,38
DA:1984,2819
DA:1987,2810
DA:1988,2591
DA:1989,2591
DA:2000,1
DA:2001,739
DA:2004,739
DA:2005,600
DA:2006,600
DA:2007,600
DA:2010,739
DA:2011,669
DA:2013,739
DA:2014,738
DA:2016,739
DA:2021,1
DA:2023,9
DA:2024,9
DA:2042,1
DA:2044,8396
DA:2045,8387
DA:2046,8387
DA:2047,3645
DA:2049,3919
DA:2050,3919
DA:2051,3919
DA:2053,3442
DA:2054,26
DA:2056,3442
DA:2057,3442
DA:2059,0
DA:2062,8387
DA:2074,1
DA:2075,4303
DA:2076,2395
DA:2078,2559
DA:2079,2559
DA:2080,663
DA:2084,3639
DA:2095,1
DA:2096,96
DA:2101,96
DA:2102,301
DA:2103,109
DA:2104,7
DA:2106,109
DA:2111,96
DA:2112,200
DA:2113,10
DA:2114,10
DA:2115,190
DA:2116,8
DA:2117,8
DA:2121,182
DA:2122,84
DA:2123,84
DA:2129,1
DA:2131,103
DA:2145,103
DA:2147,103
DA:2149,99
DA:2151,99
DA:2153,99
DA:2154,45
DA:2155,1
DA:2157,44
DA:2159,45
DA:2161,45
DA:2162,2
DA:2167,43
DA:2168,43
DA:2169,43
DA:2171,43
DA:2172,3
DA:2174,43
DA:2175,43
DA:2177,54
DA:2178,54
DA:2181,97
DA:2183,97
DA:2186,95
DA:2187,56
DA:2188,52
DA:2191,95
DA:2193,95
DA:2194,89
DA:2200,89
DA:2202,88
DA:2203,21
DA:2205,21
DA:2208,20
DA:2210,21
DA:2213,21
DA:2215,88
DA:2216,7
DA:2218,81
DA:2220,88
DA:2223,94
DA:2226,102
DA:2227,111
DA:2228,111
DA:2229,111
DA:2230,92
DA:2231,92
DA:2232,92
DA:2233,92
DA:2235,19
DA:2236,1
DA:2238,19
DA:2247,1
DA:2248,1617
DA:2249,1617
DA:2250,427
DA:2251,49
DA:2255,1
DA:2256,1795
DA:2257,8
DA:2263,1
DA:2264,880
DA:2265,880
DA:2266,263
DA:2269,263
DA:2274,263
DA:2276,263
DA:2277,448
DA:2278,448
DA:2279,448
DA:2280,448
DA:2281,500
DA:2290,1
DA:2291,118
DA:2292,118
DA:2295,32
DA:2296,32
DA:2297,32
DA:2299,86
DA:2304,1
DA:2305,186
DA:2306,3
DA:2308,183
DA:2310,183
DA:2314,21
DA:2319,1
DA:2320,4302
DA:2323,4302
DA:2326,189
DA:2327,1
DA:2332,188
DA:2335,182
DA:2337,190
DA:2339,190
DA:2340,3
DA:2346,187
DA:2347,1
DA:2352,186
DA:2357,185
DA:2362,184
DA:2364,184
DA:2365,184
DA:2373,269
DA:2374,8
DA:2376,261
DA:2396,1
DA:2397,545
DA:2402,545
DA:2403,163
DA:2404,178
DA:2405,163
DA:2406,163
DA:2409,32
DA:2410,21
DA:2412,11
DA:2415,163
DA:2420,163
DA:2421,0
DA:2423,163
DA:2428,545
DA:2429,541
DA:2433,545
DA:2434,545
DA:2439,545
DA:2444,545
DA:2445,545
DA:2454,0
DA:2455,0
DA:2458,545
DA:2459,32
DA:2460,32
DA:2461,32
DA:2462,32
DA:2465,545
DA:2466,545
DA:2470,1
DA:2471,59
DA:2475,1
DA:2476,4155
DA:2477,4155
DA:2479,13
DA:2485,1
DA:2497,1
DA:2498,12727
DA:2546,1
DA:2553,1
DA:2561,1
DA:2562,16
DA:2566,16
DA:2567,16
DA:2568,42
DA:2569,42
DA:2570,92
DA:2572,22
DA:2574,16
DA:2577,1
DA:2578,98
DA:2579,98
DA:2581,98
DA:2582,94
DA:2585,4
DA:2586,10
DA:2587,10
DA:2588,4
DA:2591,4
LF:732
LH:726
BRDA:723,1,0,1
BRDA:723,1,1,318
BRDA:734,2,0,318
BRDA:734,2,1,185
BRDA:758,3,0,241476
BRDA:758,3,1,12180
BRDA:760,4,0,225826
BRDA:760,4,1,15650
BRDA:768,5,0,79
BRDA:768,5,1,2885
BRDA:770,6,0,1101
BRDA:770,6,1,1784
BRDA:770,7,0,2885
BRDA:770,7,1,1424
BRDA:773,8,0,2964
BRDA:773,8,1,1947
BRDA:775,9,0,2964
BRDA:775,9,1,2308
BRDA:776,10,0,2964
BRDA:776,10,1,1764
BRDA:776,10,2,554
BRDA:777,11,0,2964
BRDA:777,11,1,404
BRDA:778,12,0,73
BRDA:778,12,1,2891
BRDA:818,13,0,1
BRDA:818,13,1,2
BRDA:848,14,0,1
BRDA:848,14,1,2
BRDA:880,15,0,27
BRDA:880,15,1,0
BRDA:894,16,0,684
BRDA:894,16,1,4503
BRDA:925,17,0,54
BRDA:925,17,1,2
BRDA:925,18,0,56
BRDA:925,18,1,54
BRDA:942,19,0,5
BRDA:942,19,1,0
BRDA:942,20,0,5
BRDA:942,20,1,5
BRDA:961,21,0,6
BRDA:961,21,1,2
BRDA:961,22,0,8
BRDA:961,22,1,6
BRDA:966,23,0,6
BRDA:966,23,1,2
BRDA:966,24,0,8
BRDA:966,24,1,6
BRDA:991,25,0,55
BRDA:991,25,1,545
BRDA:994,26,0,56
BRDA:994,26,1,489
BRDA:1002,27,0,64
BRDA:1002,27,1,536
BRDA:1006,28,0,95
BRDA:1006,28,1,441
BRDA:1013,29,0,11
BRDA:1013,29,1,589
BRDA:1013,30,0,600
BRDA:1013,30,1,24
BRDA:1013,30,2,593
BRDA:1013,30,3,37
BRDA:1017,31,0,27
BRDA:1017,31,1,562
BRDA:1017,32,0,589
BRDA:1017,32,1,33
BRDA:1025,33,0,20
BRDA:1025,33,1,7
BRDA:1047,34,0,17
BRDA:1047,34,1,10
BRDA:1053,35,0,599
BRDA:1053,35,1,1
BRDA:1054,36,0,39
BRDA:1054,36,1,560
BRDA:1054,37,0,599
BRDA:1054,37,1,593
BRDA:1063,38,0,600
BRDA:1063,38,1,382
BRDA:1093,39,0,1258
BRDA:1093,39,1,924
BRDA:1094,40,0,1258
BRDA:1094,40,1,1114
BRDA:1098,41,0,677
BRDA:1098,41,1,517
BRDA:1098,42,0,1194
BRDA:1098,42,1,1098
BRDA:1123,43,0,1396
BRDA:1123,43,1,3
BRDA:1123,44,0,1399
BRDA:1123,44,1,3
BRDA:1130,45,0,1375
BRDA:1130,45,1,24
BRDA:1131,46,0,491
BRDA:1131,46,1,490
BRDA:1133,47,0,450
BRDA:1133,47,1,41
BRDA:1142,48,0,1375
BRDA:1142,48,1,24
BRDA:1146,49,0,1375
BRDA:1146,49,1,24
BRDA:1147,50,0,75
BRDA:1147,50,1,2528
BRDA:1147,51,0,37
BRDA:1147,51,1,38
BRDA:1151,52,0,1375
BRDA:1151,52,1,24
BRDA:1152,53,0,75
BRDA:1152,53,1,2304
BRDA:1161,54,0,1141
BRDA:1161,54,1,1180
BRDA:1169,55,0,78
BRDA:1169,55,1,2311
BRDA:1169,56,0,2389
BRDA:1169,56,1,87
BRDA:1181,57,0,2539
BRDA:1181,57,1,1794
BRDA:1190,58,0,4
BRDA:1190,58,1,2535
BRDA:1190,59,0,2539
BRDA:1190,59,1,29
BRDA:1194,60,0,2216
BRDA:1194,60,1,323
BRDA:1198,61,0,20
BRDA:1198,61,1,2519
BRDA:1207,62,0,736
BRDA:1207,62,1,1783
BRDA:1215,63,0,62
BRDA:1215,63,1,2477
BRDA:1223,64,0,756
BRDA:1223,64,1,1783
BRDA:1224,65,0,1936
BRDA:1224,65,1,603
BRDA:1231,66,0,2216
BRDA:1231,66,1,424
BRDA:1232,67,0,1799
BRDA:1232,67,1,417
BRDA:1235,68,0,19
BRDA:1235,68,1,398
BRDA:1235,69,0,417
BRDA:1235,69,1,415
BRDA:1263,70,0,4091
BRDA:1263,70,1,412
BRDA:1266,71,0,2549
BRDA:1266,71,1,1952
BRDA:1271,72,0,31
BRDA:1271,72,1,4457
BRDA:1271,73,0,4488
BRDA:1271,73,1,2536
BRDA:1275,74,0,2788
BRDA:1275,74,1,1700
BRDA:1275,75,0,4488
BRDA:1275,75,1,2536
BRDA:1275,75,2,4042
BRDA:1275,75,3,4042
BRDA:1280,76,0,730
BRDA:1280,76,1,970
BRDA:1281,77,0,730
BRDA:1281,77,1,702
BRDA:1281,77,2,688
BRDA:1284,78,0,3124
BRDA:1284,78,1,1360
BRDA:1284,79,0,4484
BRDA:1284,79,1,1948
BRDA:1287,80,0,3124
BRDA:1287,80,1,2957
BRDA:1295,81,0,2931
BRDA:1295,81,1,1166
BRDA:1302,82,0,2653
BRDA:1302,82,1,721
BRDA:1322,83,0,2832
BRDA:1322,83,1,770
BRDA:1323,84,0,34
BRDA:1323,84,1,2798
BRDA:1330,85,0,528
BRDA:1330,85,1,2304
BRDA:1335,86,0,65
BRDA:1335,86,1,2239
BRDA:1335,87,0,2304
BRDA:1335,87,1,2171
BRDA:1338,88,0,0
BRDA:1338,88,1,2239
BRDA:1338,89,0,2239
BRDA:1338,89,1,2236
BRDA:1347,90,0,770
BRDA:1347,90,1,0
BRDA:1358,91,0,600
BRDA:1358,91,1,139
BRDA:1389,92,0,3706
BRDA:1389,92,1,880
BRDA:1389,92,2,11
BRDA:1407,93,0,22
BRDA:1407,93,1,4281
BRDA:1412,94,0,663
BRDA:1412,94,1,3639
BRDA:1413,95,0,46
BRDA:1413,95,1,617
BRDA:1422,96,0,4299
BRDA:1422,96,1,3
BRDA:1422,97,0,4302
BRDA:1422,97,1,4280
BRDA:1424,98,0,72
BRDA:1424,98,1,4227
BRDA:1435,99,0,321
BRDA:1435,99,1,3383
BRDA:1435,100,0,3704
BRDA:1435,100,1,3648
BRDA:1438,101,0,70
BRDA:1438,101,1,317
BRDA:1451,102,0,2
BRDA:1451,102,1,9
BRDA:1453,103,0,2
BRDA:1453,103,1,0
BRDA:1480,104,0,32
BRDA:1480,104,1,21
BRDA:1480,105,0,53
BRDA:1480,105,1,53
BRDA:1480,105,2,32
BRDA:1482,106,0,2
BRDA:1482,106,1,75
BRDA:1487,107,0,73
BRDA:1487,107,1,2
BRDA:1488,108,0,33
BRDA:1488,108,1,40
BRDA:1489,109,0,31
BRDA:1489,109,1,42
BRDA:1542,110,0,2646
BRDA:1542,110,1,2412
BRDA:1570,111,0,26
BRDA:1570,111,1,3929
BRDA:1575,112,0,139
BRDA:1575,112,1,3814
BRDA:1579,113,0,131
BRDA:1579,113,1,3683
BRDA:1583,114,0,111
BRDA:1583,114,1,20
BRDA:1584,115,0,77
BRDA:1584,115,1,34
BRDA:1587,116,0,77
BRDA:1587,116,1,77
BRDA:1598,117,0,129
BRDA:1598,117,1,128
BRDA:1603,118,0,1208
BRDA:1603,118,1,2604
BRDA:1603,119,0,3812
BRDA:1603,119,1,3709
BRDA:1605,120,0,1208
BRDA:1605,120,1,1055
BRDA:1611,121,0,507
BRDA:1611,121,1,3305
BRDA:1617,122,0,273
BRDA:1617,122,1,234
BRDA:1622,123,0,428
BRDA:1622,123,1,75
BRDA:1633,124,0,428
BRDA:1633,124,1,13
BRDA:1650,125,0,100
BRDA:1650,125,1,3707
BRDA:1655,126,0,1
BRDA:1655,126,1,97
BRDA:1661,127,0,55
BRDA:1661,127,1,43
BRDA:1663,128,0,1
BRDA:1663,128,1,54
BRDA:1670,129,0,2
BRDA:1670,129,1,53
BRDA:1670,130,0,55
BRDA:1670,130,1,53
BRDA:1688,131,0,6
BRDA:1688,131,1,47
BRDA:1700,132,0,103
BRDA:1700,132,1,3700
BRDA:1705,133,0,46
BRDA:1705,133,1,57
BRDA:1710,134,0,103
BRDA:1710,134,1,26
BRDA:1717,135,0,3400
BRDA:1717,135,1,300
BRDA:1720,136,0,1781
BRDA:1720,136,1,1596
BRDA:1722,137,0,1549
BRDA:1722,137,1,47
BRDA:1730,138,0,451
BRDA:1730,138,1,3350
BRDA:1737,139,0,2631
BRDA:1737,139,1,126
BRDA:1751,140,0,1549
BRDA:1751,140,1,1781
BRDA:1752,141,0,0
BRDA:1752,141,1,1549
BRDA:1755,142,0,6
BRDA:1755,142,1,1543
BRDA:1755,143,0,1549
BRDA:1755,143,1,1549
BRDA:1760,144,0,2292
BRDA:1760,144,1,1038
BRDA:1761,145,0,24
BRDA:1761,145,1,2268
BRDA:1764,146,0,53
BRDA:1764,146,1,2239
BRDA:1764,147,0,2292
BRDA:1764,147,1,2241
BRDA:1776,148,0,4365
BRDA:1776,148,1,1465
BRDA:1780,149,0,3
BRDA:1780,149,1,4362
BRDA:1781,150,0,0
BRDA:1781,150,1,3
BRDA:1784,151,0,2037
BRDA:1784,151,1,2328
BRDA:1786,152,0,5
BRDA:1786,152,1,2323
BRDA:1790,153,0,2565
BRDA:1790,153,1,1800
BRDA:1796,154,0,2230
BRDA:1796,154,1,2135
BRDA:1796,155,0,4365
BRDA:1796,155,1,4157
BRDA:1797,156,0,2223
BRDA:1797,156,1,7
BRDA:1801,157,0,4365
BRDA:1801,157,1,2142
BRDA:1803,158,0,3
BRDA:1803,158,1,4362
BRDA:1803,159,0,4365
BRDA:1803,159,1,1063
BRDA:1808,160,0,4362
BRDA:1808,160,1,1060
BRDA:1809,161,0,1465
BRDA:1809,161,1,0
BRDA:1823,162,0,2144
BRDA:1823,162,1,684
BRDA:1831,163,0,75
BRDA:1831,163,1,2753
BRDA:1835,164,0,599
BRDA:1835,164,1,2229
BRDA:1842,165,0,1069
BRDA:1842,165,1,1759
BRDA:1848,166,0,11
BRDA:1848,166,1,1211
BRDA:1848,167,0,1222
BRDA:1848,167,1,1212
BRDA:1855,168,0,16
BRDA:1855,168,1,1206
BRDA:1867,169,0,1164
BRDA:1867,169,1,58
BRDA:1875,170,0,75
BRDA:1875,170,1,2753
BRDA:1876,171,0,75
BRDA:1876,171,1,40
BRDA:1876,171,2,17
BRDA:1880,172,0,75
BRDA:1880,172,1,13
BRDA:1882,173,0,3
BRDA:1882,173,1,72
BRDA:1882,174,0,75
BRDA:1882,174,1,10
BRDA:1882,174,2,5
BRDA:1894,175,0,72
BRDA:1894,175,1,236
BRDA:1894,175,2,59
BRDA:1901,176,0,22
BRDA:1901,176,1,50
BRDA:1909,177,0,82
BRDA:1909,177,1,154
BRDA:1909,178,0,236
BRDA:1909,178,1,84
BRDA:1913,179,0,8
BRDA:1913,179,1,146
BRDA:1916,180,0,326
BRDA:1916,180,1,79
BRDA:1916,180,2,2
BRDA:1918,181,0,154
BRDA:1918,181,1,130
BRDA:1927,182,0,46
BRDA:1927,182,1,253
BRDA:1929,183,0,41
BRDA:1929,183,1,5
BRDA:1941,184,0,56
BRDA:1941,184,1,98
BRDA:1958,185,0,1069
BRDA:1958,185,1,1759
BRDA:1969,186,0,6
BRDA:1969,186,1,1561
BRDA:1972,187,0,1567
BRDA:1972,187,1,1311
BRDA:1981,188,0,38
BRDA:1981,188,1,2781
BRDA:1981,189,0,2819
BRDA:1981,189,1,75
BRDA:1981,189,2,52
BRDA:1984,190,0,2819
BRDA:1984,190,1,668
BRDA:1990,191,0,51
BRDA:1990,191,1,2540
BRDA:1993,192,0,2591
BRDA:1993,192,1,1024
BRDA:2004,193,0,600
BRDA:2004,193,1,139
BRDA:2010,194,0,669
BRDA:2010,194,1,70
BRDA:2013,195,0,738
BRDA:2013,195,1,1
BRDA:2014,196,0,669
BRDA:2014,196,1,69
BRDA:2044,197,0,9
BRDA:2044,197,1,8387
BRDA:2046,198,0,3645
BRDA:2046,198,1,4742
BRDA:2051,199,0,3442
BRDA:2051,199,1,477
BRDA:2051,200,0,3919
BRDA:2051,200,1,612
BRDA:2051,200,2,3473
BRDA:2053,201,0,26
BRDA:2053,201,1,3416
BRDA:2075,202,0,2395
BRDA:2075,202,1,1908
BRDA:2079,203,0,663
BRDA:2079,203,1,1896
BRDA:2102,204,0,109
BRDA:2102,204,1,192
BRDA:2103,205,0,7
BRDA:2103,205,1,102
BRDA:2103,206,0,109
BRDA:2103,206,1,8
BRDA:2104,207,0,1
BRDA:2104,207,1,6
BRDA:2112,208,0,10
BRDA:2112,208,1,190
BRDA:2114,209,0,5
BRDA:2114,209,1,5
BRDA:2115,210,0,8
BRDA:2115,210,1,182
BRDA:2117,211,0,1
BRDA:2117,211,1,7
BRDA:2121,212,0,84
BRDA:2121,212,1,98
BRDA:2121,213,0,182
BRDA:2121,213,1,86
BRDA:2140,214,0,2
BRDA:2140,214,1,101
BRDA:2153,215,0,45
BRDA:2153,215,1,54
BRDA:2154,216,0,1
BRDA:2154,216,1,44
BRDA:2161,217,0,2
BRDA:2161,217,1,43
BRDA:2161,218,0,45
BRDA:2161,218,1,43
BRDA:2171,219,0,3
BRDA:2171,219,1,40
BRDA:2187,220,0,52
BRDA:2187,220,1,4
BRDA:2200,221,0,1
BRDA:2200,221,1,88
BRDA:2202,222,0,21
BRDA:2202,222,1,67
BRDA:2205,223,0,20
BRDA:2205,223,1,1
BRDA:2205,224,0,21
BRDA:2205,224,1,1
BRDA:2215,225,0,7
BRDA:2215,225,1,81
BRDA:2228,226,0,0
BRDA:2228,226,1,111
BRDA:2229,227,0,92
BRDA:2229,227,1,19
BRDA:2235,228,0,1
BRDA:2235,228,1,18
BRDA:2249,229,0,1190
BRDA:2249,229,1,427
BRDA:2250,230,0,378
BRDA:2250,230,1,49
BRDA:2250,231,0,233
BRDA:2250,231,1,145
BRDA:2256,232,0,8
BRDA:2256,232,1,1787
BRDA:2265,233,0,263
BRDA:2265,233,1,617
BRDA:2274,234,0,263
BRDA:2274,234,1,0
BRDA:2278,235,0,0
BRDA:2278,235,1,448
BRDA:2291,236,0,118
BRDA:2291,236,1,86
BRDA:2292,237,0,30
BRDA:2292,237,1,32
BRDA:2292,237,2,86
BRDA:2305,238,0,3
BRDA:2305,238,1,183
BRDA:2310,239,0,21
BRDA:2310,239,1,162
BRDA:2310,240,0,183
BRDA:2310,240,1,181
BRDA:2310,240,2,6
BRDA:2310,240,3,176
BRDA:2310,240,4,165
BRDA:2310,240,5,160
BRDA:2323,241,0,4113
BRDA:2323,241,1,189
BRDA:2326,242,0,1
BRDA:2326,242,1,188
BRDA:2326,243,0,189
BRDA:2326,243,1,1
BRDA:2337,244,0,190
BRDA:2337,244,1,163
BRDA:2339,245,0,3
BRDA:2339,245,1,187
BRDA:2346,246,0,1
BRDA:2346,246,1,186
BRDA:2353,247,0,186
BRDA:2353,247,1,161
BRDA:2357,248,0,1
BRDA:2357,248,1,184
BRDA:2364,249,0,184
BRDA:2364,249,1,173
BRDA:2365,250,0,184
BRDA:2365,250,1,184
BRDA:2365,250,2,173
BRDA:2373,251,0,8
BRDA:2373,251,1,261
BRDA:2373,252,0,269
BRDA:2373,252,1,14
BRDA:2402,253,0,163
BRDA:2402,253,1,382
BRDA:2404,254,0,163
BRDA:2404,254,1,15
BRDA:2409,255,0,21
BRDA:2409,255,1,11
BRDA:2420,256,0,0
BRDA:2420,256,1,163
BRDA:2428,257,0,541
BRDA:2428,257,1,4
BRDA:2444,258,0,545
BRDA:2444,258,1,0
BRDA:2570,259,0,20
BRDA:2570,259,1,72
BRDA:2572,260,0,6
BRDA:2572,260,1,16
BRDA:2581,261,0,94
BRDA:2581,261,1,4
BRDA:2587,262,0,4
BRDA:2587,262,1,6
BRF:544
BRH:531
end_of_record
TN:
SF:./src/ng/controller.js
FN:13,$ControllerProvider
FN:27,(anonymous_2)
FN:41,(anonymous_3)
FN:46,(anonymous_4)
FN:71,(anonymous_5)
FN:107,(anonymous_6)
FN:116,(anonymous_7)
FN:134,addIdentifier
FNF:8
FNH:8
FNDA:3044,$ControllerProvider
FNDA:43,(anonymous_2)
FNDA:1,(anonymous_3)
FNDA:1450,(anonymous_4)
FNDA:1303,(anonymous_5)
FNDA:1222,(anonymous_6)
FNDA:1222,(anonymous_7)
FNDA:10,addIdentifier
DA:13,1
DA:14,3044
DA:27,3044
DA:28,43
DA:29,42
DA:30,1
DA:32,41
DA:41,3044
DA:42,1
DA:46,3044
DA:71,1450
DA:79,1303
DA:80,1303
DA:81,1303
DA:82,4
DA:85,1303
DA:86,27
DA:89,27
DA:94,27
DA:97,1302
DA:107,1222
DA:108,1222
DA:110,1222
DA:112,1222
DA:113,7
DA:116,1222
DA:117,1222
DA:118,1221
DA:125,80
DA:127,80
DA:128,3
DA:131,79
DA:134,1
DA:135,10
DA:136,1
DA:141,9
LF:36
LH:36
BRDA:29,1,0,1
BRDA:29,1,1,41
BRDA:81,2,0,4
BRDA:81,2,1,1299
BRDA:81,3,0,1303
BRDA:81,3,1,4
BRDA:85,4,0,27
BRDA:85,4,1,1276
BRDA:88,5,0,27
BRDA:88,5,1,27
BRDA:89,6,0,19
BRDA:89,6,1,8
BRDA:91,7,0,8
BRDA:91,7,1,2
BRDA:92,8,0,1
BRDA:92,8,1,1
BRDA:97,9,0,1222
BRDA:97,9,1,80
BRDA:108,10,0,658
BRDA:108,10,1,564
BRDA:112,11,0,7
BRDA:112,11,1,1215
BRDA:113,12,0,7
BRDA:113,12,1,4
BRDA:127,13,0,3
BRDA:127,13,1,77
BRDA:128,14,0,3
BRDA:128,14,1,0
BRDA:135,15,0,1
BRDA:135,15,1,9
BRDA:135,16,0,10
BRDA:135,16,1,9
BRF:32
BRH:31
end_of_record
TN:
SF:./src/ng/document.js
FN:28,$DocumentProvider
FN:29,(anonymous_2)
FNF:2
FNH:2
FNDA:3044,$DocumentProvider
FNDA:2994,(anonymous_2)
DA:28,1
DA:29,3044
DA:30,2994
LF:3
LH:3
BRF:0
BRH:0
end_of_record
TN:
SF:./src/ng/exceptionHandler.js
FN:43,$ExceptionHandlerProvider
FN:44,(anonymous_2)
FN:45,(anonymous_3)
FNF:3
FNH:3
FNDA:3046,$ExceptionHandlerProvider
FNDA:17,(anonymous_2)
FNDA:2,(anonymous_3)
DA:43,1
DA:44,3046
DA:45,17
DA:46,2
LF:4
LH:4
BRF:0
BRH:0
end_of_record
TN:
SF:./src/ng/http.js
FN:9,defaultHttpResponseTransform
FN:28,parseHeaders
FN:33,(anonymous_3)
FN:59,headersGetter
FN:62,(anonymous_5)
FN:84,transformData
FN:88,(anonymous_7)
FN:96,isSuccess
FN:107,$HttpProvider
FN:134,(anonymous_10)
FN:172,(anonymous_11)
FN:196,(anonymous_12)
FN:207,(anonymous_13)
FN:713,$http
FN:725,(anonymous_15)
FN:731,(anonymous_16)
FN:750,(anonymous_17)
FN:766,(anonymous_18)
FN:767,(anonymous_19)
FN:773,(anonymous_20)
FN:774,(anonymous_21)
FN:782,transformResponse
FN:795,mergeHeaders
FN:820,execHeaders
FN:823,(anonymous_25)
FN:945,createShortMethods
FN:946,(anonymous_27)
FN:947,(anonymous_28)
FN:957,createShortMethodsWithData
FN:958,(anonymous_30)
FN:959,(anonymous_31)
FN:976,sendReq
FN:1039,done
FN:1049,resolveHttpPromise
FN:1065,resolvePromise
FN:1079,removePendingReq
FN:1086,buildUrl
FN:1089,(anonymous_38)
FN:1093,(anonymous_39)
FNF:39
FNH:39
FNDA:122,defaultHttpResponseTransform
FNDA:191,parseHeaders
FNDA:58,(anonymous_3)
FNDA:912,headersGetter
FNDA:98,(anonymous_5)
FNDA:858,transformData
FNDA:640,(anonymous_7)
FNDA:910,isSuccess
FNDA:3044,$HttpProvider
FNDA:513,(anonymous_10)
FNDA:3,(anonymous_11)
FNDA:1706,(anonymous_12)
FNDA:13,(anonymous_13)
FNDA:520,$http
FNDA:517,(anonymous_15)
FNDA:497,(anonymous_16)
FNDA:13,(anonymous_17)
FNDA:37,(anonymous_18)
FNDA:36,(anonymous_19)
FNDA:3,(anonymous_20)
FNDA:2,(anonymous_21)
FNDA:400,transformResponse
FNDA:520,mergeHeaders
FNDA:520,execHeaders
FNDA:591,(anonymous_25)
FNDA:1706,createShortMethods
FNDA:6824,(anonymous_27)
FNDA:272,(anonymous_28)
FNDA:1706,createShortMethodsWithData
FNDA:5118,(anonymous_30)
FNDA:11,(anonymous_31)
FNDA:517,sendReq
FNDA:258,done
FNDA:258,resolveHttpPromise
FNDA:395,resolvePromise
FNDA:400,removePendingReq
FNDA:517,buildUrl
FNDA:34,(anonymous_38)
FNDA:36,(anonymous_39)
DA:3,1
DA:4,1
DA:5,1
DA:6,1
DA:7,1
DA:9,1
DA:10,122
DA:12,68
DA:13,68
DA:14,68
DA:16,13
DA:19,122
DA:28,1
DA:29,191
DA:31,191
DA:33,34
DA:34,58
DA:35,58
DA:36,58
DA:38,58
DA:39,54
DA:43,34
DA:59,1
DA:60,912
DA:62,912
DA:63,98
DA:65,98
DA:66,76
DA:69,22
DA:84,1
DA:85,858
DA:86,6
DA:88,852
DA:89,640
DA:92,852
DA:96,1
DA:97,910
DA:107,1
DA:129,3044
DA:135,513
DA:152,3044
DA:172,3044
DA:173,3
DA:174,3
DA:175,3
DA:177,0
DA:193,3044
DA:195,3044
DA:198,1706
DA:205,1706
DA:207,1706
DA:208,13
DA:713,1
DA:714,520
DA:719,520
DA:721,520
DA:722,520
DA:723,520
DA:725,520
DA:726,517
DA:727,517
DA:730,517
DA:731,474
DA:732,497
DA:733,13
DA:738,517
DA:739,1
DA:743,517
DA:746,520
DA:747,520
DA:750,520
DA:751,13
DA:752,11
DA:754,13
DA:755,4
DA:759,520
DA:760,535
DA:761,535
DA:763,535
DA:766,520
DA:767,37
DA:768,36
DA:770,37
DA:773,520
DA:774,3
DA:775,2
DA:777,3
DA:780,520
DA:782,1
DA:784,400
DA:785,400
DA:786,59
DA:788,341
DA:790,400
DA:795,1
DA:796,520
DA:800,520
DA:803,520
DA:804,520
DA:805,577
DA:807,577
DA:808,91
DA:809,11
DA:813,566
DA:817,520
DA:818,520
DA:820,1
DA:821,520
DA:823,520
DA:824,591
DA:825,6
DA:826,6
DA:827,5
DA:829,1
DA:837,1706
DA:887,1706
DA:927,1706
DA:939,1706
DA:942,1706
DA:945,1
DA:946,1706
DA:947,6824
DA:948,272
DA:957,1
DA:958,1706
DA:959,5118
DA:960,11
DA:976,1
DA:977,517
DA:983,517
DA:984,517
DA:987,517
DA:989,283
DA:994,517
DA:995,283
DA:996,283
DA:997,145
DA:999,8
DA:1000,8
DA:1003,137
DA:1004,49
DA:1006,88
DA:1011,138
DA:1018,509
DA:1019,372
DA:1022,372
DA:1023,7
DA:1026,372
DA:1030,509
DA:1039,1
DA:1040,258
DA:1041,115
DA:1042,107
DA:1045,8
DA:1049,1
DA:1050,258
DA:1053,258
DA:1054,6
DA:1056,252
DA:1057,252
DA:1065,1
DA:1067,395
DA:1069,395
DA:1079,1
DA:1080,400
DA:1081,400
DA:1086,1
DA:1087,517
DA:1088,29
DA:1089,29
DA:1090,34
DA:1091,33
DA:1093,33
DA:1094,36
DA:1095,2
DA:1096,1
DA:1098,1
DA:1101,36
DA:1105,29
DA:1106,27
DA:1108,29
LF:181
LH:180
BRDA:10,1,0,68
BRDA:10,1,1,54
BRDA:14,2,0,13
BRDA:14,2,1,55
BRDA:14,3,0,68
BRDA:14,3,1,6
BRDA:14,3,2,62
BRDA:14,3,3,7
BRDA:31,4,0,157
BRDA:31,4,1,34
BRDA:38,5,0,54
BRDA:38,5,1,4
BRDA:39,6,0,1
BRDA:39,6,1,53
BRDA:60,7,0,654
BRDA:60,7,1,258
BRDA:63,8,0,74
BRDA:63,8,1,24
BRDA:65,9,0,76
BRDA:65,9,1,22
BRDA:66,10,0,76
BRDA:66,10,1,63
BRDA:85,11,0,6
BRDA:85,11,1,852
BRDA:97,12,0,910
BRDA:97,12,1,906
BRDA:135,13,0,22
BRDA:135,13,1,491
BRDA:135,14,0,513
BRDA:135,14,1,24
BRDA:135,14,2,23
BRDA:173,15,0,3
BRDA:173,15,1,0
BRDA:208,16,0,2
BRDA:208,16,1,11
BRDA:730,17,0,474
BRDA:730,17,1,43
BRDA:732,18,0,13
BRDA:732,18,1,484
BRDA:738,19,0,1
BRDA:738,19,1,516
BRDA:738,20,0,517
BRDA:738,20,1,516
BRDA:751,21,0,11
BRDA:751,21,1,2
BRDA:751,22,0,13
BRDA:751,22,1,3
BRDA:754,23,0,4
BRDA:754,23,1,9
BRDA:754,24,0,13
BRDA:754,24,1,10
BRDA:785,25,0,59
BRDA:785,25,1,341
BRDA:790,26,0,379
BRDA:790,26,1,21
BRDA:808,27,0,11
BRDA:808,27,1,80
BRDA:824,28,0,6
BRDA:824,28,1,585
BRDA:826,29,0,5
BRDA:826,29,1,1
BRDA:948,30,0,272
BRDA:948,30,1,16
BRDA:960,31,0,11
BRDA:960,31,1,5
BRDA:987,32,0,283
BRDA:987,32,1,234
BRDA:987,33,0,517
BRDA:987,33,1,234
BRDA:987,33,2,290
BRDA:987,33,3,289
BRDA:987,33,4,8
BRDA:989,34,0,274
BRDA:989,34,1,9
BRDA:990,35,0,6
BRDA:990,35,1,3
BRDA:994,36,0,283
BRDA:994,36,1,234
BRDA:996,37,0,145
BRDA:996,37,1,138
BRDA:997,38,0,8
BRDA:997,38,1,137
BRDA:1003,39,0,49
BRDA:1003,39,1,88
BRDA:1018,40,0,372
BRDA:1018,40,1,137
BRDA:1019,41,0,361
BRDA:1019,41,1,11
BRDA:1020,42,0,361
BRDA:1020,42,1,360
BRDA:1022,43,0,7
BRDA:1022,43,1,365
BRDA:1023,44,0,7
BRDA:1023,44,1,6
BRDA:1040,45,0,115
BRDA:1040,45,1,143
BRDA:1041,46,0,107
BRDA:1041,46,1,8
BRDA:1053,47,0,6
BRDA:1053,47,1,252
BRDA:1057,48,0,250
BRDA:1057,48,1,2
BRDA:1069,49,0,374
BRDA:1069,49,1,21
BRDA:1081,50,0,400
BRDA:1081,50,1,0
BRDA:1087,51,0,488
BRDA:1087,51,1,29
BRDA:1090,52,0,1
BRDA:1090,52,1,33
BRDA:1090,53,0,34
BRDA:1090,53,1,33
BRDA:1091,54,0,31
BRDA:1091,54,1,2
BRDA:1094,55,0,2
BRDA:1094,55,1,34
BRDA:1095,56,0,1
BRDA:1095,56,1,1
BRDA:1105,57,0,27
BRDA:1105,57,1,2
BRDA:1106,58,0,26
BRDA:1106,58,1,1
BRF:122
BRH:120
end_of_record
TN:
SF:./src/ng/httpBackend.js
FN:3,createXhr
FN:23,$HttpBackendProvider
FN:24,(anonymous_3)
FN:29,createHttpBackend
FN:31,(anonymous_5)
FN:37,(anonymous_6)
FN:43,(anonymous_7)
FN:52,(anonymous_8)
FN:58,requestLoaded
FN:82,(anonymous_10)
FN:122,timeoutRequest
FN:127,completeRequest
FN:137,jsonpReq
FN:146,(anonymous_14)
FNF:14
FNH:13
FNDA:0,createXhr
FNDA:3044,$HttpBackendProvider
FNDA:11,(anonymous_3)
FNDA:42,createHttpBackend
FNDA:28,(anonymous_5)
FNDA:2,(anonymous_6)
FNDA:3,(anonymous_7)
FNDA:6,(anonymous_8)
FNDA:15,requestLoaded
FNDA:3,(anonymous_10)
FNDA:5,timeoutRequest
FNDA:21,completeRequest
FNDA:5,jsonpReq
FNDA:3,(anonymous_14)
DA:3,1
DA:4,0
DA:23,1
DA:24,3044
DA:25,11
DA:29,1
DA:31,42
DA:32,28
DA:33,28
DA:35,28
DA:36,5
DA:37,5
DA:38,2
DA:39,2
DA:42,5
DA:44,3
DA:45,3
DA:49,23
DA:51,23
DA:52,23
DA:53,6
DA:54,5
DA:58,23
DA:59,15
DA:63,15
DA:66,15
DA:71,15
DA:72,5
DA:75,15
DA:82,23
DA:85,3
DA:88,23
DA:89,23
DA:91,23
DA:92,1
DA:95,23
DA:96,2
DA:97,2
DA:106,0
DA:107,0
DA:112,23
DA:115,28
DA:116,4
DA:117,24
DA:118,2
DA:122,1
DA:123,5
DA:124,5
DA:127,1
DA:129,21
DA:130,21
DA:132,21
DA:133,21
DA:137,1
DA:141,5
DA:142,5
DA:143,5
DA:144,5
DA:146,5
DA:147,3
DA:148,3
DA:149,3
DA:150,3
DA:151,3
DA:152,3
DA:154,3
DA:155,2
DA:156,0
DA:158,2
DA:159,2
DA:162,3
DA:163,3
DA:167,5
DA:168,5
DA:169,5
DA:170,5
LF:76
LH:72
BRDA:33,1,0,28
BRDA:33,1,1,2
BRDA:35,2,0,5
BRDA:35,2,1,23
BRDA:53,3,0,5
BRDA:53,3,1,1
BRDA:59,4,0,15
BRDA:59,4,1,14
BRDA:63,5,0,1
BRDA:63,5,1,14
BRDA:66,6,0,1
BRDA:66,6,1,14
BRDA:71,7,0,5
BRDA:71,7,1,10
BRDA:72,8,0,2
BRDA:72,8,1,3
BRDA:72,9,0,2
BRDA:72,9,1,1
BRDA:91,10,0,1
BRDA:91,10,1,22
BRDA:95,11,0,2
BRDA:95,11,1,21
BRDA:106,12,0,0
BRDA:106,12,1,0
BRDA:112,13,0,23
BRDA:112,13,1,22
BRDA:115,14,0,4
BRDA:115,14,1,24
BRDA:117,15,0,2
BRDA:117,15,1,22
BRDA:123,16,0,5
BRDA:123,16,1,1
BRDA:124,17,0,5
BRDA:124,17,1,3
BRDA:129,18,0,21
BRDA:129,18,1,4
BRDA:154,19,0,2
BRDA:154,19,1,1
BRDA:155,20,0,0
BRDA:155,20,1,2
BRDA:155,21,0,2
BRDA:155,21,1,2
BRDA:159,22,0,0
BRDA:159,22,1,2
BRDA:162,23,0,3
BRDA:162,23,1,0
BRF:46
BRH:41
end_of_record
TN:
SF:./src/ng/interpolate.js
FN:40,$InterpolateProvider
FN:53,(anonymous_2)
FN:71,(anonymous_3)
FN:81,(anonymous_4)
FN:87,escape
FN:185,$interpolate
FN:232,(anonymous_7)
FN:240,(anonymous_8)
FN:246,(anonymous_9)
FN:263,interpolationFn
FN:284,(anonymous_11)
FN:286,interpolateFnWatcher
FN:297,unescapeText
FN:302,parseStringifyInterceptor
FN:325,(anonymous_15)
FN:341,(anonymous_16)
FNF:16
FNH:16
FNDA:3044,$InterpolateProvider
FNDA:10,(anonymous_2)
FNDA:8,(anonymous_3)
FNDA:1472,(anonymous_4)
FNDA:5888,escape
FNDA:6473,$interpolate
FNDA:2092,(anonymous_7)
FNDA:1390,(anonymous_8)
FNDA:1376,(anonymous_9)
FNDA:1300,interpolationFn
FNDA:656,(anonymous_11)
FNDA:794,interpolateFnWatcher
FNDA:5197,unescapeText
FNDA:1390,parseStringifyInterceptor
FNDA:1409,(anonymous_15)
[...]
DA:15,671
DA:17,671
DA:18,671
DA:19,671
DA:20,671
DA:22,671
DA:24,671
DA:25,14
DA:42,671
DA:43,7
DA:44,7
DA:45,7
DA:48,671
DA:49,1
DA:50,2392
DA:53,671
DA:54,671
DA:55,66
DA:56,66
DA:57,66
DA:60,0
DA:61,0
DA:64,0
DA:65,0
DA:69,605
DA:70,7
DA:71,7
DA:72,7
DA:75,0
DA:76,0
DA:79,0
DA:80,0
DA:85,598
DA:86,598
DA:87,598
DA:88,598
DA:95,671
DA:97,671
DA:99,671
DA:106,671
DA:107,671
DA:108,91
DA:109,91
DA:112,671
DA:113,671
DA:115,671
DA:117,671
LF:50
LH:42
BRDA:14,1,0,551
BRDA:14,1,1,120
BRDA:14,2,0,671
BRDA:14,2,1,671
BRDA:15,3,0,0
BRDA:15,3,1,671
BRDA:17,4,0,671
BRDA:17,4,1,444
BRDA:22,5,0,344
BRDA:22,5,1,327
BRDA:24,6,0,14
BRDA:24,6,1,657
BRDA:39,7,0,14
BRDA:39,7,1,9
BRDA:42,8,0,7
BRDA:42,8,1,664
BRDA:48,9,0,671
BRDA:48,9,1,517
BRDA:54,10,0,66
BRDA:54,10,1,605
BRDA:55,11,0,66
BRDA:55,11,1,0
BRDA:65,12,0,0
BRDA:65,12,1,0
BRDA:69,13,0,7
BRDA:69,13,1,598
BRDA:70,14,0,7
BRDA:70,14,1,0
BRDA:80,15,0,0
BRDA:80,15,1,0
BRDA:86,16,0,598
BRDA:86,16,1,447
BRDA:87,17,0,598
BRDA:87,17,1,447
BRDA:97,18,0,0
BRDA:97,18,1,671
BRDA:103,19,0,671
BRDA:103,19,1,0
BRDA:113,20,0,671
BRDA:113,20,1,652
BRF:40
BRH:31
end_of_record
TN:
SF:./src/ngScenario/Application.js
FN:9,(anonymous_1)
FN:24,(anonymous_2)
FN:35,(anonymous_3)
FN:50,(anonymous_4)
FN:54,(anonymous_5)
FN:66,(anonymous_6)
FN:73,(anonymous_7)
FN:74,(anonymous_8)
FN:99,(anonymous_9)
FN:108,(anonymous_10)
FN:112,(anonymous_11)
FN:116,(anonymous_12)
FN:117,(anonymous_13)
FNF:13
FNH:9
FNDA:91,(anonymous_1)
FNDA:23,(anonymous_2)
FNDA:0,(anonymous_3)
FNDA:10,(anonymous_4)
FNDA:0,(anonymous_5)
FNDA:2,(anonymous_6)
FNDA:0,(anonymous_7)
FNDA:0,(anonymous_8)
FNDA:76,(anonymous_9)
FNDA:71,(anonymous_10)
FNDA:4,(anonymous_11)
FNDA:71,(anonymous_12)
FNDA:71,(anonymous_13)
DA:9,1
DA:10,91
DA:11,91
DA:24,1
DA:25,23
DA:35,1
DA:36,0
DA:37,0
DA:38,0
DA:39,0
DA:50,1
DA:51,10
DA:52,10
DA:54,10
DA:55,10
DA:56,1
DA:57,9
DA:58,0
DA:59,0
DA:60,0
DA:62,9
DA:63,9
DA:64,9
DA:66,9
DA:67,2
DA:68,2
DA:69,2
DA:71,2
DA:73,0
DA:74,0
DA:75,0
DA:80,2
DA:82,1
DA:87,9
DA:89,10
DA:99,1
DA:100,76
DA:101,76
DA:102,76
DA:103,1
DA:105,75
DA:106,4
DA:108,71
DA:109,71
DA:110,71
DA:112,71
DA:113,4
DA:116,71
DA:117,71
DA:118,71
LF:50
LH:40
BRDA:37,1,0,0
BRDA:37,1,1,0
BRDA:54,2,0,10
BRDA:54,2,1,8
BRDA:55,3,0,1
BRDA:55,3,1,9
BRDA:57,4,0,0
BRDA:57,4,1,9
BRDA:71,5,0,0
BRDA:71,5,1,2
BRDA:102,6,0,1
BRDA:102,6,1,75
BRDA:105,7,0,4
BRDA:105,7,1,71
BRF:14
BRH:10
end_of_record
TN:
SF:./src/ngScenario/Describe.js
FN:10,(anonymous_1)
FN:24,(anonymous_2)
FN:26,(anonymous_3)
FN:33,(anonymous_4)
FN:34,(anonymous_5)
FN:50,(anonymous_6)
FN:59,(anonymous_7)
FN:69,(anonymous_8)
FN:81,(anonymous_9)
FN:99,(anonymous_10)
FN:117,(anonymous_11)
FN:140,(anonymous_12)
FN:142,(anonymous_13)
FN:145,(anonymous_14)
FN:149,(anonymous_15)
FNF:15
FNH:15
FNDA:28,(anonymous_1)
FNDA:13,(anonymous_2)
FNDA:6,(anonymous_3)
FNDA:13,(anonymous_4)
FNDA:6,(anonymous_5)
FNDA:5,(anonymous_6)
FNDA:5,(anonymous_7)
FNDA:14,(anonymous_8)
FNDA:1,(anonymous_9)
FNDA:18,(anonymous_10)
FNDA:1,(anonymous_11)
FNDA:22,(anonymous_12)
FNDA:15,(anonymous_13)
FNDA:16,(anonymous_14)
FNDA:45,(anonymous_15)
DA:10,1
DA:11,28
DA:12,28
DA:13,28
DA:14,28
DA:15,28
DA:16,28
DA:17,28
DA:18,28
DA:23,28
DA:24,28
DA:25,13
DA:26,13
DA:32,28
DA:33,28
DA:34,13
DA:35,13
DA:40,1
DA:43,1
DA:50,1
DA:51,5
DA:59,1
DA:60,5
DA:69,1
DA:70,14
DA:71,14
DA:72,14
DA:81,1
DA:82,1
DA:83,1
DA:84,1
DA:85,1
DA:91,1
DA:99,1
DA:100,18
DA:117,1
DA:118,1
DA:119,1
DA:125,1
DA:140,1
DA:141,22
DA:142,22
DA:143,15
DA:145,22
DA:146,16
DA:148,22
DA:149,22
DA:150,45
DA:151,11
DA:154,22
LF:50
LH:50
BRDA:11,1,0,28
BRDA:11,1,1,15
BRDA:25,2,0,8
BRDA:25,2,1,5
BRDA:35,3,0,8
BRDA:35,3,1,5
BRDA:141,4,0,22
BRDA:141,4,1,7
BRDA:150,5,0,11
BRDA:150,5,1,34
BRDA:154,6,0,22
BRDA:154,6,1,5
BRDA:154,6,2,17
BRF:13
BRH:13
end_of_record
TN:
SF:./src/ngScenario/Future.js
FN:10,(anonymous_1)
FN:16,(anonymous_2)
FN:24,(anonymous_3)
FN:26,(anonymous_4)
FN:45,(anonymous_5)
FN:54,(anonymous_6)
FN:62,(anonymous_7)
FNF:7
FNH:6
FNDA:15,(anonymous_1)
FNDA:0,(anonymous_2)
FNDA:14,(anonymous_3)
FNDA:12,(anonymous_4)
FNDA:4,(anonymous_5)
FNDA:2,(anonymous_6)
FNDA:1,(anonymous_7)
DA:10,1
DA:11,15
DA:12,15
DA:13,15
DA:14,15
DA:15,15
DA:16,15
DA:24,1
DA:25,14
DA:26,14
DA:27,12
DA:28,12
DA:29,7
DA:30,7
DA:32,1
DA:35,12
DA:36,12
DA:45,1
DA:46,4
DA:47,4
DA:54,1
DA:55,2
DA:62,1
DA:63,1
LF:24
LH:24
BRDA:16,1,0,15
BRDA:16,1,1,14
BRDA:28,2,0,7
BRDA:28,2,1,5
BRDA:35,3,0,12
BRDA:35,3,1,7
BRF:6
BRH:6
end_of_record
TN:
SF:./src/ngScenario/ObjectModel.js
FN:15,(anonymous_1)
FN:25,(anonymous_2)
FN:29,(anonymous_3)
FN:50,(anonymous_4)
FN:59,(anonymous_5)
FN:67,(anonymous_6)
FN:76,(anonymous_7)
FN:87,(anonymous_8)
FN:98,(anonymous_9)
FN:109,(anonymous_10)
FN:112,(anonymous_11)
FN:116,complete
FN:129,(anonymous_13)
FN:141,(anonymous_14)
FN:148,(anonymous_15)
FN:161,(anonymous_16)
FN:177,(anonymous_17)
FN:188,(anonymous_18)
FN:202,(anonymous_19)
FN:213,(anonymous_20)
FN:222,(anonymous_21)
FN:235,(anonymous_22)
FN:247,(anonymous_23)
FNF:23
FNH:21
FNDA:39,(anonymous_1)
FNDA:42,(anonymous_2)
FNDA:56,(anonymous_3)
FNDA:5,(anonymous_4)
FNDA:23,(anonymous_5)
FNDA:33,(anonymous_6)
FNDA:22,(anonymous_7)
FNDA:14,(anonymous_8)
FNDA:4,(anonymous_9)
FNDA:0,(anonymous_10)
FNDA:4,(anonymous_11)
FNDA:45,complete
FNDA:20,(anonymous_13)
FNDA:147,(anonymous_14)
FNDA:20,(anonymous_15)
FNDA:54,(anonymous_16)
FNDA:132,(anonymous_17)
FNDA:42,(anonymous_18)
FNDA:0,(anonymous_19)
FNDA:59,(anonymous_20)
FNDA:18,(anonymous_21)
FNDA:33,(anonymous_22)
FNDA:18,(anonymous_23)
DA:15,1
DA:16,39
DA:18,39
DA:19,39
DA:20,39
DA:25,39
DA:26,42
DA:29,42
DA:30,56
DA:31,42
DA:38,56
DA:39,56
DA:42,42
DA:47,42
DA:50,39
DA:51,5
DA:52,5
DA:53,5
DA:56,5
DA:59,39
DA:60,23
DA:61,23
DA:64,23
DA:67,39
DA:68,33
DA:69,33
DA:70,33
DA:73,33
DA:76,39
DA:77,22
DA:78,22
DA:79,22
DA:80,0
DA:81,22
DA:84,22
DA:87,39
DA:88,14
DA:91,14
DA:92,14
DA:95,14
DA:98,39
DA:99,4
DA:102,4
DA:103,4
DA:106,4
DA:109,39
DA:110,0
DA:112,39
DA:113,4
DA:116,1
DA:117,45
DA:118,45
DA:119,45
DA:129,1
DA:130,20
DA:131,20
DA:132,20
DA:141,1
DA:142,147
DA:145,147
DA:147,147
DA:148,20
DA:149,20
DA:161,1
DA:162,54
DA:163,54
DA:164,54
DA:165,80
DA:166,80
DA:168,54
DA:177,1
DA:178,132
DA:188,1
DA:189,42
DA:190,42
DA:191,42
DA:192,42
DA:193,42
DA:202,1
DA:203,0
DA:204,0
DA:205,0
DA:213,1
DA:214,59
DA:222,1
DA:223,18
DA:224,15
DA:225,15
DA:226,15
DA:235,1
DA:236,33
DA:237,33
DA:247,1
DA:248,18
DA:249,18
DA:250,18
LF:96
LH:91
BRDA:30,1,0,42
BRDA:30,1,1,14
BRDA:79,2,0,0
BRDA:79,2,1,22
BRDA:119,3,0,45
BRDA:119,3,1,22
BRDA:131,4,0,20
BRDA:131,4,1,20
BRDA:147,5,0,20
BRDA:147,5,1,127
BRDA:164,6,0,134
BRDA:164,6,1,80
BRDA:193,7,0,42
BRDA:193,7,1,0
BRDA:223,8,0,15
BRDA:223,8,1,3
BRDA:223,9,0,18
BRDA:223,9,1,3
BRF:18
BRH:16
end_of_record
TN:
SF:./src/ngScenario/Runner.js
FN:9,(anonymous_1)
FN:24,(anonymous_2)
FN:35,(anonymous_3)
FN:41,(anonymous_4)
FN:52,(anonymous_5)
FN:66,(anonymous_6)
FN:68,(anonymous_7)
FN:87,(anonymous_8)
FN:89,(anonymous_9)
FN:108,(anonymous_10)
FN:120,(anonymous_11)
FN:132,(anonymous_12)
FN:144,(anonymous_13)
FN:154,(anonymous_14)
FN:173,(anonymous_15)
FN:177,(anonymous_16)
FN:182,(anonymous_17)
FN:185,(anonymous_18)
FN:188,(anonymous_19)
FN:189,(anonymous_20)
FN:195,(anonymous_21)
FN:196,(anonymous_22)
FN:202,(anonymous_23)
FN:207,(anonymous_24)
FN:216,(anonymous_25)
FN:221,(anonymous_26)
FNF:26
FNH:19
FNDA:4,(anonymous_1)
FNDA:32,(anonymous_2)
FNDA:10,(anonymous_3)
FNDA:0,(anonymous_4)
FNDA:8,(anonymous_5)
FNDA:5,(anonymous_6)
FNDA:5,(anonymous_7)
FNDA:0,(anonymous_8)
FNDA:0,(anonymous_9)
FNDA:6,(anonymous_10)
FNDA:0,(anonymous_11)
FNDA:3,(anonymous_12)
FNDA:3,(anonymous_13)
FNDA:2,(anonymous_14)
FNDA:2,(anonymous_15)
FNDA:20,(anonymous_16)
FNDA:2,(anonymous_17)
FNDA:26,(anonymous_18)
FNDA:26,(anonymous_19)
FNDA:2,(anonymous_20)
FNDA:26,(anonymous_21)
FNDA:2,(anonymous_22)
FNDA:0,(anonymous_23)
FNDA:0,(anonymous_24)
FNDA:0,(anonymous_25)
FNDA:2,(anonymous_26)
DA:9,1
DA:10,4
DA:11,4
DA:12,4
DA:13,4
DA:14,4
DA:24,4
DA:25,32
DA:35,1
DA:36,10
DA:37,10
DA:38,10
DA:39,10
DA:40,10
DA:41,0
DA:42,0
DA:52,1
DA:53,8
DA:54,8
DA:55,8
DA:66,1
DA:67,5
DA:68,5
DA:69,5
DA:70,5
DA:71,5
DA:72,5
DA:74,5
DA:87,1
DA:88,0
DA:89,0
DA:90,0
DA:91,0
DA:92,0
DA:93,0
DA:95,0
DA:108,1
DA:109,6
DA:120,1
DA:121,0
DA:132,1
DA:133,3
DA:144,1
DA:145,3
DA:154,1
DA:155,2
DA:156,2
DA:160,2
DA:161,6
DA:163,2
DA:164,2
DA:173,1
DA:174,2
DA:175,2
DA:176,2
DA:177,2
DA:178,20
DA:180,2
DA:181,2
DA:182,2
DA:183,2
DA:184,2
DA:185,2
DA:186,26
DA:188,2
DA:189,26
DA:190,2
DA:191,2
DA:194,2
DA:195,2
DA:196,26
DA:197,2
DA:202,2
DA:203,0
DA:204,0
DA:207,2
DA:208,0
DA:209,0
DA:213,2
DA:216,2
DA:217,0
DA:218,0
DA:222,2
DA:223,2
DA:225,2
LF:85
LH:69
BRDA:39,1,0,10
BRDA:39,1,1,0
BRDA:54,2,0,8
BRDA:54,2,1,8
BRDA:222,3,0,2
BRDA:222,3,1,0
BRF:6
BRH:4
end_of_record
TN:
SF:./src/ngScenario/SpecRunner.js
FN:11,(anonymous_1)
FN:24,(anonymous_2)
FN:42,(anonymous_3)
FN:52,(anonymous_4)
FN:56,(anonymous_5)
FN:63,(anonymous_6)
FN:71,(anonymous_7)
FN:78,(anonymous_8)
FN:92,(anonymous_9)
FN:107,(anonymous_10)
FN:110,(anonymous_11)
FN:111,(anonymous_12)
FN:114,(anonymous_13)
FN:118,(anonymous_14)
FN:123,(anonymous_15)
FNF:15
FNH:15
FNDA:9,(anonymous_1)
FNDA:7,(anonymous_2)
FNDA:3,(anonymous_3)
FNDA:5,(anonymous_4)
FNDA:3,(anonymous_5)
FNDA:2,(anonymous_6)
FNDA:6,(anonymous_7)
FNDA:4,(anonymous_8)
FNDA:7,(anonymous_9)
FNDA:71,(anonymous_10)
FNDA:71,(anonymous_11)
FNDA:71,(anonymous_12)
FNDA:61,(anonymous_13)
FNDA:24,(anonymous_14)
FNDA:66,(anonymous_15)
DA:11,1
DA:12,9
DA:13,9
DA:24,1
DA:25,7
DA:26,7
DA:28,7
DA:30,7
DA:31,7
DA:32,7
DA:33,6
DA:34,6
DA:36,1
DA:37,1
DA:38,1
DA:39,1
DA:42,6
DA:43,3
DA:44,0
DA:46,3
DA:47,3
DA:50,6
DA:53,5
DA:54,5
DA:55,5
DA:56,5
DA:57,3
DA:58,1
DA:59,1
DA:60,1
DA:62,2
DA:63,2
DA:66,2
DA:67,2
DA:68,2
DA:72,6
DA:73,0
DA:75,6
DA:78,6
DA:92,1
DA:93,7
DA:94,7
DA:95,7
DA:107,1
DA:108,71
DA:109,71
DA:110,71
DA:111,71
DA:114,71
DA:115,61
DA:116,61
DA:117,61
DA:118,61
DA:119,24
DA:121,61
DA:122,61
DA:123,22
DA:124,66
DA:127,61
DA:128,7
DA:134,54
DA:137,71
DA:138,71
DA:140,5
DA:141,5
DA:143,0
LF:66
LH:63
BRDA:43,1,0,0
BRDA:43,1,1,3
BRDA:57,2,0,1
BRDA:57,2,1,2
BRDA:72,3,0,0
BRDA:72,3,1,6
BRDA:116,4,0,61
BRDA:116,4,1,31
BRDA:116,5,0,61
BRDA:116,5,1,39
BRDA:117,6,0,61
BRDA:117,6,1,10
BRDA:122,7,0,22
BRDA:122,7,1,39
BRDA:127,8,0,7
BRDA:127,8,1,54
BRDA:140,9,0,5
BRDA:140,9,1,0
BRDA:140,10,0,5
BRDA:140,10,1,5
BRF:20
BRH:17
end_of_record
TN:
SF:./src/ngScenario/dsl.js
FN:11,(anonymous_1)
FN:12,(anonymous_2)
FN:13,(anonymous_3)
FN:15,(anonymous_4)
FN:24,(anonymous_5)
FN:25,(anonymous_6)
FN:26,(anonymous_7)
FN:27,(anonymous_8)
FN:46,(anonymous_9)
FN:49,(anonymous_10)
FN:51,(anonymous_11)
FN:55,(anonymous_12)
FN:61,(anonymous_13)
FN:63,(anonymous_14)
FN:65,(anonymous_15)
FN:71,(anonymous_16)
FN:74,(anonymous_17)
FN:75,(anonymous_18)
FN:80,(anonymous_19)
FN:81,(anonymous_20)
FN:86,(anonymous_21)
FN:87,(anonymous_22)
FN:92,(anonymous_23)
FN:93,(anonymous_24)
FN:101,(anonymous_25)
FN:104,(anonymous_26)
FN:105,(anonymous_27)
FN:110,(anonymous_28)
FN:111,(anonymous_29)
FN:116,(anonymous_30)
FN:117,(anonymous_31)
FN:122,(anonymous_32)
FN:123,(anonymous_33)
FN:131,(anonymous_34)
FN:143,(anonymous_35)
FN:146,(anonymous_36)
FN:151,(anonymous_37)
FN:164,(anonymous_38)
FN:165,(anonymous_39)
FN:180,(anonymous_40)
FN:181,(anonymous_41)
FN:183,(anonymous_42)
FN:200,(anonymous_43)
FN:204,(anonymous_44)
FN:206,(anonymous_45)
FN:214,(anonymous_46)
FN:216,(anonymous_47)
FN:223,(anonymous_48)
FN:225,(anonymous_49)
FN:233,(anonymous_50)
FN:234,(anonymous_51)
FN:240,(anonymous_52)
FN:254,(anonymous_53)
FN:257,(anonymous_54)
FN:259,(anonymous_55)
FN:268,(anonymous_56)
FN:270,(anonymous_57)
FN:275,(anonymous_58)
FN:277,(anonymous_59)
FN:285,(anonymous_60)
FN:296,(anonymous_61)
FN:299,(anonymous_62)
FN:301,(anonymous_63)
FN:307,(anonymous_64)
FN:324,(anonymous_65)
FN:327,(anonymous_66)
FN:335,(anonymous_67)
FN:354,(anonymous_68)
FN:362,(anonymous_69)
FN:364,(anonymous_70)
FN:373,(anonymous_71)
FN:375,(anonymous_72)
FN:381,(anonymous_73)
FN:390,(anonymous_74)
FN:392,(anonymous_75)
FN:398,(anonymous_76)
FN:407,(anonymous_77)
FN:409,(anonymous_78)
FN:416,(anonymous_79)
FN:418,(anonymous_80)
FN:425,(anonymous_81)
FN:427,(anonymous_82)
FN:434,(anonymous_83)
FN:436,(anonymous_84)
FN:441,(anonymous_85)
FN:442,(anonymous_86)
FN:449,(anonymous_87)
FN:456,(anonymous_88)
FN:457,(anonymous_89)
FN:463,(anonymous_90)
FN:470,(anonymous_91)
FNF:91
FNH:90
FNDA:3,(anonymous_1)
FNDA:1,(anonymous_2)
FNDA:1,(anonymous_3)
FNDA:1,(anonymous_4)
FNDA:3,(anonymous_5)
FNDA:1,(anonymous_6)
FNDA:1,(anonymous_7)
FNDA:1,(anonymous_8)
FNDA:14,(anonymous_9)
FNDA:3,(anonymous_10)
FNDA:3,(anonymous_11)
FNDA:3,(anonymous_12)
FNDA:1,(anonymous_13)
FNDA:1,(anonymous_14)
FNDA:1,(anonymous_15)
FNDA:4,(anonymous_16)
FNDA:1,(anonymous_17)
FNDA:1,(anonymous_18)
FNDA:1,(anonymous_19)
FNDA:1,(anonymous_20)
FNDA:1,(anonymous_21)
FNDA:1,(anonymous_22)
FNDA:1,(anonymous_23)
FNDA:1,(anonymous_24)
FNDA:4,(anonymous_25)
FNDA:1,(anonymous_26)
FNDA:1,(anonymous_27)
FNDA:1,(anonymous_28)
FNDA:1,(anonymous_29)
FNDA:1,(anonymous_30)
FNDA:1,(anonymous_31)
FNDA:1,(anonymous_32)
FNDA:1,(anonymous_33)
FNDA:12,(anonymous_34)
FNDA:4,(anonymous_35)
FNDA:0,(anonymous_36)
FNDA:2,(anonymous_37)
FNDA:41,(anonymous_38)
FNDA:39,(anonymous_39)
FNDA:12,(anonymous_40)
FNDA:10,(anonymous_41)
FNDA:10,(anonymous_42)
FNDA:15,(anonymous_43)
FNDA:8,(anonymous_44)
FNDA:8,(anonymous_45)
FNDA:3,(anonymous_46)
FNDA:3,(anonymous_47)
FNDA:2,(anonymous_48)
FNDA:2,(anonymous_49)
FNDA:1,(anonymous_50)
FNDA:1,(anonymous_51)
FNDA:13,(anonymous_52)
FNDA:9,(anonymous_53)
FNDA:2,(anonymous_54)
FNDA:2,(anonymous_55)
FNDA:1,(anonymous_56)
FNDA:1,(anonymous_57)
FNDA:1,(anonymous_58)
FNDA:1,(anonymous_59)
FNDA:7,(anonymous_60)
FNDA:10,(anonymous_61)
FNDA:6,(anonymous_62)
FNDA:6,(anonymous_63)
FNDA:9,(anonymous_64)
FNDA:2,(anonymous_65)
FNDA:2,(anonymous_66)
FNDA:8,(anonymous_67)
FNDA:31,(anonymous_68)
FNDA:2,(anonymous_69)
FNDA:2,(anonymous_70)
FNDA:3,(anonymous_71)
FNDA:3,(anonymous_72)
FNDA:2,(anonymous_73)
FNDA:3,(anonymous_74)
FNDA:3,(anonymous_75)
FNDA:2,(anonymous_76)
FNDA:2,(anonymous_77)
FNDA:2,(anonymous_78)
FNDA:2,(anonymous_79)
FNDA:2,(anonymous_80)
FNDA:2,(anonymous_81)
FNDA:2,(anonymous_82)
FNDA:1,(anonymous_83)
FNDA:1,(anonymous_84)
FNDA:93,(anonymous_85)
FNDA:6,(anonymous_86)
FNDA:6,(anonymous_87)
FNDA:403,(anonymous_88)
FNDA:4,(anonymous_89)
FNDA:4,(anonymous_90)
FNDA:29,(anonymous_91)
DA:11,1
DA:12,3
DA:13,1
DA:14,1
DA:15,1
DA:24,1
DA:25,3
DA:26,1
DA:27,1
DA:46,1
DA:47,14
DA:49,14
DA:50,3
DA:51,3
DA:52,3
DA:53,1
DA:55,3
DA:56,3
DA:61,14
DA:62,1
DA:63,1
DA:64,1
DA:65,1
DA:66,1
DA:71,14
DA:72,4
DA:74,4
DA:75,1
DA:76,1
DA:80,4
DA:81,1
DA:82,1
DA:86,4
DA:87,1
DA:88,1
DA:92,4
DA:93,1
DA:94,1
DA:98,4
DA:101,14
DA:102,4
DA:104,4
DA:105,1
DA:106,1
DA:110,4
DA:111,1
DA:112,1
DA:116,4
DA:117,1
DA:118,1
DA:122,4
DA:123,1
DA:124,1
DA:128,4
DA:131,14
DA:132,12
DA:143,1
DA:144,4
DA:146,4
DA:147,0
DA:148,0
DA:151,4
DA:152,2
DA:153,2
DA:164,1
DA:165,41
DA:166,39
DA:167,39
DA:168,3
DA:170,36
DA:172,39
DA:180,1
DA:181,12
DA:182,10
DA:184,10
DA:185,10
DA:186,2
DA:188,8
DA:200,1
DA:201,15
DA:202,15
DA:204,15
DA:205,8
DA:207,8
DA:208,6
DA:209,6
DA:210,6
DA:214,15
DA:215,3
DA:217,3
DA:218,2
DA:219,2
DA:223,15
DA:224,2
DA:226,2
DA:228,1
DA:229,1
DA:233,15
DA:234,1
DA:235,1
DA:236,1
DA:240,15
DA:241,13
DA:242,13
DA:254,1
DA:255,9
DA:257,9
DA:258,2
DA:260,2
DA:261,2
DA:263,1
DA:268,9
DA:269,1
DA:271,1
DA:275,9
DA:276,1
DA:278,1
DA:279,1
DA:280,0
DA:281,1
DA:285,9
DA:286,7
DA:287,7
DA:296,1
DA:297,10
DA:299,10
DA:300,6
DA:302,6
DA:303,6
DA:304,6
DA:305,3
DA:307,3
DA:308,9
DA:310,3
DA:311,2
DA:313,3
DA:314,2
DA:316,1
DA:319,5
DA:320,5
DA:324,10
DA:325,2
DA:326,2
DA:328,2
DA:329,1
DA:330,1
DA:331,1
DA:335,10
DA:336,8
DA:337,8
DA:354,1
DA:355,31
DA:356,31
DA:360,31
DA:362,31
DA:363,2
DA:365,2
DA:366,2
DA:368,1
DA:373,31
DA:374,3
DA:376,3
DA:377,3
DA:378,3
DA:380,3
DA:381,2
DA:382,2
DA:385,1
DA:390,31
DA:391,3
DA:393,3
DA:394,3
DA:395,3
DA:397,3
DA:398,2
DA:399,2
DA:402,1
DA:407,31
DA:408,2
DA:410,2
DA:411,2
DA:412,2
DA:416,31
DA:417,2
DA:419,2
DA:420,2
DA:421,2
DA:425,31
DA:426,2
DA:428,2
DA:429,2
DA:430,2
DA:434,31
DA:435,1
DA:437,1
DA:441,31
DA:442,93
DA:443,6
DA:449,6
DA:450,6
DA:451,6
DA:456,31
DA:457,403
DA:458,4
DA:463,4
DA:464,4
DA:465,4
DA:470,31
DA:471,29
DA:472,29
LF:210
LH:207
BRDA:52,1,0,1
BRDA:52,1,1,2
BRDA:166,2,0,39
BRDA:166,2,1,38
BRDA:167,3,0,3
BRDA:167,3,1,36
BRDA:167,4,0,39
BRDA:167,4,1,3
BRDA:185,5,0,2
BRDA:185,5,1,8
BRDA:202,6,0,15
BRDA:202,6,1,15
BRDA:209,7,0,6
BRDA:209,7,1,6
BRDA:209,8,0,6
BRDA:209,8,1,0
BRDA:279,9,0,0
BRDA:279,9,1,1
BRDA:304,10,0,3
BRDA:304,10,1,3
BRDA:310,11,0,2
BRDA:310,11,1,1
BRDA:313,12,0,2
BRDA:313,12,1,1
BRDA:380,13,0,2
BRDA:380,13,1,1
BRDA:380,14,0,3
BRDA:380,14,1,3
BRDA:380,14,2,3
BRDA:397,15,0,2
BRDA:397,15,1,1
BRDA:397,16,0,3
BRDA:397,16,1,3
BRDA:397,16,2,3
BRDA:444,17,0,3
BRDA:444,17,1,3
BRDA:459,18,0,2
BRDA:459,18,1,2
BRF:38
BRH:36
end_of_record
TN:
SF:./src/ngScenario/matchers.js
FN:7,(anonymous_1)
FN:11,(anonymous_2)
FN:15,(anonymous_3)
FN:19,(anonymous_4)
FN:23,(anonymous_5)
FN:27,(anonymous_6)
FN:31,(anonymous_7)
FN:35,(anonymous_8)
FN:39,(anonymous_9)
FN:43,(anonymous_10)
FNF:10
FNH:9
FNDA:3,(anonymous_1)
FNDA:0,(anonymous_2)
FNDA:1,(anonymous_3)
FNDA:1,(anonymous_4)
FNDA:2,(anonymous_5)
FNDA:1,(anonymous_6)
FNDA:1,(anonymous_7)
FNDA:1,(anonymous_8)
FNDA:1,(anonymous_9)
FNDA:1,(anonymous_10)
DA:7,1
DA:8,3
DA:11,1
DA:12,0
DA:15,1
DA:16,1
DA:19,1
DA:20,1
DA:23,1
DA:24,2
DA:27,1
DA:28,1
DA:31,1
DA:32,1
DA:35,1
DA:36,1
DA:39,1
DA:40,1
DA:43,1
DA:44,1
LF:20
LH:19
BRF:0
BRH:0
end_of_record
TN:
SF:./src/ngScenario/output/Html.js
FN:9,(anonymous_1)
FN:27,(anonymous_2)
FN:33,(anonymous_3)
FN:51,(anonymous_4)
FN:68,(anonymous_5)
FN:74,(anonymous_6)
FN:87,(anonymous_7)
FN:102,(anonymous_8)
FN:107,(anonymous_9)
FN:112,(anonymous_10)
FN:128,findContext
FN:130,(anonymous_12)
FN:152,updateTotals
FN:166,addError
FNF:14
FNH:13
FNDA:5,(anonymous_1)
FNDA:1,(anonymous_2)
FNDA:12,(anonymous_3)
FNDA:0,(anonymous_4)
FNDA:2,(anonymous_5)
FNDA:10,(anonymous_6)
FNDA:10,(anonymous_7)
FNDA:5,(anonymous_8)
FNDA:1,(anonymous_9)
FNDA:9,(anonymous_10)
FNDA:12,findContext
FNDA:24,(anonymous_12)
FNDA:10,updateTotals
FNDA:6,addError
DA:9,1
DA:10,5
DA:13,5
DA:27,5
DA:28,1
DA:29,1
DA:33,5
DA:34,12
DA:35,12
DA:38,12
DA:39,12
DA:50,12
DA:51,12
DA:52,0
DA:53,0
DA:54,0
DA:55,0
DA:56,0
DA:57,0
DA:59,0
DA:60,0
DA:61,0
DA:65,12
DA:68,5
DA:69,2
DA:70,2
DA:71,2
DA:74,5
DA:75,10
DA:76,10
DA:77,10
DA:78,10
DA:79,10
DA:80,10
DA:81,2
DA:82,2
DA:84,10
DA:87,5
DA:88,10
DA:89,10
DA:90,10
DA:91,10
DA:92,10
DA:93,10
DA:97,10
DA:98,10
DA:99,10
DA:102,5
DA:103,5
DA:104,5
DA:107,5
DA:108,1
DA:109,1
DA:112,5
DA:113,9
DA:114,9
DA:115,9
DA:116,9
DA:117,9
DA:118,9
DA:119,9
DA:120,9
DA:128,1
DA:129,12
DA:130,12
DA:131,24
DA:132,24
DA:133,10
DA:140,10
DA:142,24
DA:144,12
DA:152,1
DA:153,10
DA:154,10
DA:155,10
DA:156,10
DA:166,1
DA:167,6
DA:168,6
DA:169,6
LF:80
LH:71
BRDA:55,1,0,0
BRDA:55,1,1,0
BRDA:80,2,0,2
BRDA:80,2,1,8
BRDA:132,3,0,10
BRDA:132,3,1,14
BRF:6
BRH:4
end_of_record
TN:
SF:./src/ngScenario/output/Json.js
FN:6,(anonymous_1)
FN:7,(anonymous_2)
FNF:2
FNH:2
FNDA:1,(anonymous_1)
FNDA:1,(anonymous_2)
DA:6,1
DA:7,1
DA:8,1
LF:3
LH:3
BRF:0
BRH:0
end_of_record
TN:
SF:./src/ngScenario/output/Xml.js
FN:6,(anonymous_1)
FN:7,(anonymous_2)
FN:8,(anonymous_3)
FN:20,serializeXml
FN:21,(anonymous_5)
FN:30,(anonymous_6)
FN:37,(anonymous_7)
FNF:7
FNH:7
FNDA:2,(anonymous_1)
FNDA:13,(anonymous_2)
FNDA:2,(anonymous_3)
FNDA:4,serializeXml
FNDA:2,(anonymous_5)
FNDA:2,(anonymous_6)
FNDA:2,(anonymous_7)
DA:6,1
DA:7,13
DA:8,2
DA:9,2
DA:10,2
DA:11,2
DA:20,1
DA:21,4
DA:22,2
DA:23,2
DA:24,2
DA:25,2
DA:26,2
DA:28,4
DA:29,4
DA:30,4
DA:31,2
DA:32,2
DA:33,2
DA:34,2
DA:35,2
DA:36,2
DA:37,2
DA:38,2
DA:39,2
DA:40,2
DA:41,2
DA:42,2
DA:43,2
DA:44,1
DA:45,1
DA:46,1
LF:32
LH:32
BRDA:43,1,0,1
BRDA:43,1,1,1
BRF:2
BRH:2
end_of_record
TN:
SF:./src/ngScenario/output/Object.js
FN:6,(anonymous_1)
FNF:1
FNH:1
FNDA:2,(anonymous_1)
DA:6,1
DA:7,2
LF:2
LH:2
BRF:0
BRH:0
end_of_record
